2021-10-26 22:35:49.350 [main] INFO  com.lendSys.ApiApplication - Starting ApiApplication using Java 15.0.1 on DESKTOP-C3O5G2V with PID 27472 (C:\IdeaProjects\Project\lendSys\api\target\classes started by Wenting Zhang in C:\IdeaProjects\Project\lendSys)
2021-10-26 22:35:49.356 [main] INFO  com.lendSys.ApiApplication - No active profile set, falling back to default profiles: default
2021-10-26 22:35:51.259 [main] INFO  o.s.boot.web.embedded.tomcat.TomcatWebServer - Tomcat initialized with port(s): 9000 (http)
2021-10-26 22:35:51.272 [main] INFO  org.apache.coyote.http11.Http11NioProtocol - Initializing ProtocolHandler ["http-nio-9000"]
2021-10-26 22:35:51.272 [main] INFO  org.apache.catalina.core.StandardService - Starting service [Tomcat]
2021-10-26 22:35:51.273 [main] INFO  org.apache.catalina.core.StandardEngine - Starting Servlet engine: [Apache Tomcat/9.0.53]
2021-10-26 22:35:51.414 [main] INFO  o.a.c.core.ContainerBase.[Tomcat].[localhost].[/] - Initializing Spring embedded WebApplicationContext
2021-10-26 22:35:51.415 [main] INFO  o.s.b.w.s.c.ServletWebServerApplicationContext - Root WebApplicationContext: initialization completed in 1995 ms
2021-10-26 22:35:51.519 [main] INFO  c.a.d.s.b.a.DruidDataSourceAutoConfigure - Init DruidDataSource
2021-10-26 22:35:51.656 [main] INFO  com.alibaba.druid.pool.DruidDataSource - {dataSource-1} inited
2021-10-26 22:35:52.705 [main] INFO  s.d.s.w.PropertySourcedRequestMappingHandlerMapping - Mapped URL path [/v2/api-docs] onto method [springfox.documentation.swagger2.web.Swagger2Controller#getDocumentation(String, HttpServletRequest)]
2021-10-26 22:35:53.392 [main] INFO  t.mybatis.mapper.autoconfigure.MapperCacheDisabler - Clear tk.mybatis.mapper.util.MsUtil CLASS_CACHE cache.
2021-10-26 22:35:53.393 [main] INFO  t.mybatis.mapper.autoconfigure.MapperCacheDisabler - Clear tk.mybatis.mapper.genid.GenIdUtil CACHE cache.
2021-10-26 22:35:53.394 [main] INFO  t.mybatis.mapper.autoconfigure.MapperCacheDisabler - Clear tk.mybatis.mapper.version.VersionUtil CACHE cache.
2021-10-26 22:35:53.394 [main] INFO  t.mybatis.mapper.autoconfigure.MapperCacheDisabler - Clear EntityHelper entityTableMap cache.
2021-10-26 22:35:53.532 [main] INFO  org.apache.coyote.http11.Http11NioProtocol - Starting ProtocolHandler ["http-nio-9000"]
2021-10-26 22:35:53.551 [main] INFO  o.s.boot.web.embedded.tomcat.TomcatWebServer - Tomcat started on port(s): 9000 (http) with context path ''
2021-10-26 22:35:53.553 [main] INFO  s.d.s.web.plugins.DocumentationPluginsBootstrapper - Context refreshed
2021-10-26 22:35:53.577 [main] INFO  s.d.s.web.plugins.DocumentationPluginsBootstrapper - Found 1 custom documentation plugin(s)
2021-10-26 22:35:53.619 [main] INFO  s.d.spring.web.scanners.ApiListingReferenceScanner - Scanning for api listing references
2021-10-26 22:35:53.820 [main] INFO  com.lendSys.ApiApplication - Started ApiApplication in 5.207 seconds (JVM running for 6.125)
2021-10-26 22:38:37.884 [main] INFO  com.lendSys.ApiApplication - Starting ApiApplication using Java 15.0.1 on DESKTOP-C3O5G2V with PID 21092 (C:\IdeaProjects\Project\lendSys\api\target\classes started by Wenting Zhang in C:\IdeaProjects\Project\lendSys)
2021-10-26 22:38:37.887 [main] INFO  com.lendSys.ApiApplication - No active profile set, falling back to default profiles: default
2021-10-26 22:38:39.816 [main] INFO  o.s.boot.web.embedded.tomcat.TomcatWebServer - Tomcat initialized with port(s): 9000 (http)
2021-10-26 22:38:39.829 [main] INFO  org.apache.coyote.http11.Http11NioProtocol - Initializing ProtocolHandler ["http-nio-9000"]
2021-10-26 22:38:39.830 [main] INFO  org.apache.catalina.core.StandardService - Starting service [Tomcat]
2021-10-26 22:38:39.830 [main] INFO  org.apache.catalina.core.StandardEngine - Starting Servlet engine: [Apache Tomcat/9.0.53]
2021-10-26 22:38:39.989 [main] INFO  o.a.c.core.ContainerBase.[Tomcat].[localhost].[/] - Initializing Spring embedded WebApplicationContext
2021-10-26 22:38:39.989 [main] INFO  o.s.b.w.s.c.ServletWebServerApplicationContext - Root WebApplicationContext: initialization completed in 2040 ms
2021-10-26 22:38:40.136 [main] INFO  c.a.d.s.b.a.DruidDataSourceAutoConfigure - Init DruidDataSource
2021-10-26 22:38:40.260 [main] INFO  com.alibaba.druid.pool.DruidDataSource - {dataSource-1} inited
2021-10-26 22:38:41.216 [main] INFO  s.d.s.w.PropertySourcedRequestMappingHandlerMapping - Mapped URL path [/v2/api-docs] onto method [springfox.documentation.swagger2.web.Swagger2Controller#getDocumentation(String, HttpServletRequest)]
2021-10-26 22:38:42.031 [main] INFO  t.mybatis.mapper.autoconfigure.MapperCacheDisabler - Clear tk.mybatis.mapper.util.MsUtil CLASS_CACHE cache.
2021-10-26 22:38:42.032 [main] INFO  t.mybatis.mapper.autoconfigure.MapperCacheDisabler - Clear tk.mybatis.mapper.genid.GenIdUtil CACHE cache.
2021-10-26 22:38:42.033 [main] INFO  t.mybatis.mapper.autoconfigure.MapperCacheDisabler - Clear tk.mybatis.mapper.version.VersionUtil CACHE cache.
2021-10-26 22:38:42.034 [main] INFO  t.mybatis.mapper.autoconfigure.MapperCacheDisabler - Clear EntityHelper entityTableMap cache.
2021-10-26 22:38:42.195 [main] INFO  org.apache.coyote.http11.Http11NioProtocol - Starting ProtocolHandler ["http-nio-9000"]
2021-10-26 22:38:42.219 [main] INFO  o.s.boot.web.embedded.tomcat.TomcatWebServer - Tomcat started on port(s): 9000 (http) with context path ''
2021-10-26 22:38:42.221 [main] INFO  s.d.s.web.plugins.DocumentationPluginsBootstrapper - Context refreshed
2021-10-26 22:38:42.251 [main] INFO  s.d.s.web.plugins.DocumentationPluginsBootstrapper - Found 1 custom documentation plugin(s)
2021-10-26 22:38:42.315 [main] INFO  s.d.spring.web.scanners.ApiListingReferenceScanner - Scanning for api listing references
2021-10-26 22:38:42.574 [main] INFO  com.lendSys.ApiApplication - Started ApiApplication in 5.387 seconds (JVM running for 6.916)
2021-10-26 22:42:59.680 [http-nio-9000-exec-1] INFO  o.a.c.core.ContainerBase.[Tomcat].[localhost].[/] - Initializing Spring DispatcherServlet 'dispatcherServlet'
2021-10-26 22:42:59.680 [http-nio-9000-exec-1] INFO  org.springframework.web.servlet.DispatcherServlet - Initializing Servlet 'dispatcherServlet'
2021-10-26 22:42:59.681 [http-nio-9000-exec-1] INFO  org.springframework.web.servlet.DispatcherServlet - Completed initialization in 0 ms
2021-10-26 22:59:06.660 [SpringApplicationShutdownHook] INFO  com.alibaba.druid.pool.DruidDataSource - {dataSource-1} closing ...
2021-10-26 22:59:06.666 [SpringApplicationShutdownHook] INFO  com.alibaba.druid.pool.DruidDataSource - {dataSource-1} closed
2021-10-26 22:59:11.236 [main] INFO  com.lendSys.ApiApplication - Starting ApiApplication using Java 15.0.1 on DESKTOP-C3O5G2V with PID 28692 (C:\IdeaProjects\Project\lendSys\api\target\classes started by Wenting Zhang in C:\IdeaProjects\Project\lendSys)
2021-10-26 22:59:11.240 [main] INFO  com.lendSys.ApiApplication - No active profile set, falling back to default profiles: default
2021-10-26 22:59:13.021 [main] INFO  o.s.boot.web.embedded.tomcat.TomcatWebServer - Tomcat initialized with port(s): 9000 (http)
2021-10-26 22:59:13.031 [main] INFO  org.apache.coyote.http11.Http11NioProtocol - Initializing ProtocolHandler ["http-nio-9000"]
2021-10-26 22:59:13.032 [main] INFO  org.apache.catalina.core.StandardService - Starting service [Tomcat]
2021-10-26 22:59:13.032 [main] INFO  org.apache.catalina.core.StandardEngine - Starting Servlet engine: [Apache Tomcat/9.0.53]
2021-10-26 22:59:13.173 [main] INFO  o.a.c.core.ContainerBase.[Tomcat].[localhost].[/] - Initializing Spring embedded WebApplicationContext
2021-10-26 22:59:13.173 [main] INFO  o.s.b.w.s.c.ServletWebServerApplicationContext - Root WebApplicationContext: initialization completed in 1860 ms
2021-10-26 22:59:13.289 [main] INFO  c.a.d.s.b.a.DruidDataSourceAutoConfigure - Init DruidDataSource
2021-10-26 22:59:13.416 [main] INFO  com.alibaba.druid.pool.DruidDataSource - {dataSource-1} inited
2021-10-26 22:59:14.319 [main] INFO  s.d.s.w.PropertySourcedRequestMappingHandlerMapping - Mapped URL path [/v2/api-docs] onto method [springfox.documentation.swagger2.web.Swagger2Controller#getDocumentation(String, HttpServletRequest)]
2021-10-26 22:59:15.090 [main] INFO  t.mybatis.mapper.autoconfigure.MapperCacheDisabler - Clear tk.mybatis.mapper.util.MsUtil CLASS_CACHE cache.
2021-10-26 22:59:15.092 [main] INFO  t.mybatis.mapper.autoconfigure.MapperCacheDisabler - Clear tk.mybatis.mapper.genid.GenIdUtil CACHE cache.
2021-10-26 22:59:15.092 [main] INFO  t.mybatis.mapper.autoconfigure.MapperCacheDisabler - Clear tk.mybatis.mapper.version.VersionUtil CACHE cache.
2021-10-26 22:59:15.093 [main] INFO  t.mybatis.mapper.autoconfigure.MapperCacheDisabler - Clear EntityHelper entityTableMap cache.
2021-10-26 22:59:15.242 [main] INFO  org.apache.coyote.http11.Http11NioProtocol - Starting ProtocolHandler ["http-nio-9000"]
2021-10-26 22:59:15.263 [main] INFO  o.s.boot.web.embedded.tomcat.TomcatWebServer - Tomcat started on port(s): 9000 (http) with context path ''
2021-10-26 22:59:15.265 [main] INFO  s.d.s.web.plugins.DocumentationPluginsBootstrapper - Context refreshed
2021-10-26 22:59:15.288 [main] INFO  s.d.s.web.plugins.DocumentationPluginsBootstrapper - Found 1 custom documentation plugin(s)
2021-10-26 22:59:15.334 [main] INFO  s.d.spring.web.scanners.ApiListingReferenceScanner - Scanning for api listing references
2021-10-26 22:59:15.555 [main] INFO  com.lendSys.ApiApplication - Started ApiApplication in 5.061 seconds (JVM running for 5.951)
2021-10-26 22:59:18.647 [http-nio-9000-exec-1] INFO  o.a.c.core.ContainerBase.[Tomcat].[localhost].[/] - Initializing Spring DispatcherServlet 'dispatcherServlet'
2021-10-26 22:59:18.647 [http-nio-9000-exec-1] INFO  org.springframework.web.servlet.DispatcherServlet - Initializing Servlet 'dispatcherServlet'
2021-10-26 22:59:18.648 [http-nio-9000-exec-1] INFO  org.springframework.web.servlet.DispatcherServlet - Completed initialization in 1 ms
2021-10-26 23:24:36.166 [SpringApplicationShutdownHook] INFO  com.alibaba.druid.pool.DruidDataSource - {dataSource-1} closing ...
2021-10-26 23:24:36.170 [SpringApplicationShutdownHook] INFO  com.alibaba.druid.pool.DruidDataSource - {dataSource-1} closed
2021-10-26 23:24:42.366 [main] INFO  com.lendSys.ApiApplication - Starting ApiApplication using Java 15.0.1 on DESKTOP-C3O5G2V with PID 7460 (C:\IdeaProjects\Project\lendSys\api\target\classes started by Wenting Zhang in C:\IdeaProjects\Project\lendSys)
2021-10-26 23:24:42.369 [main] INFO  com.lendSys.ApiApplication - No active profile set, falling back to default profiles: default
2021-10-26 23:24:44.191 [main] INFO  o.s.boot.web.embedded.tomcat.TomcatWebServer - Tomcat initialized with port(s): 9000 (http)
2021-10-26 23:24:44.203 [main] INFO  org.apache.coyote.http11.Http11NioProtocol - Initializing ProtocolHandler ["http-nio-9000"]
2021-10-26 23:24:44.204 [main] INFO  org.apache.catalina.core.StandardService - Starting service [Tomcat]
2021-10-26 23:24:44.204 [main] INFO  org.apache.catalina.core.StandardEngine - Starting Servlet engine: [Apache Tomcat/9.0.53]
2021-10-26 23:24:44.364 [main] INFO  o.a.c.core.ContainerBase.[Tomcat].[localhost].[/] - Initializing Spring embedded WebApplicationContext
2021-10-26 23:24:44.364 [main] INFO  o.s.b.w.s.c.ServletWebServerApplicationContext - Root WebApplicationContext: initialization completed in 1935 ms
2021-10-26 23:24:44.490 [main] INFO  c.a.d.s.b.a.DruidDataSourceAutoConfigure - Init DruidDataSource
2021-10-26 23:24:44.624 [main] INFO  com.alibaba.druid.pool.DruidDataSource - {dataSource-1} inited
2021-10-26 23:24:45.548 [main] INFO  s.d.s.w.PropertySourcedRequestMappingHandlerMapping - Mapped URL path [/v2/api-docs] onto method [springfox.documentation.swagger2.web.Swagger2Controller#getDocumentation(String, HttpServletRequest)]
2021-10-26 23:24:46.284 [main] INFO  t.mybatis.mapper.autoconfigure.MapperCacheDisabler - Clear tk.mybatis.mapper.util.MsUtil CLASS_CACHE cache.
2021-10-26 23:24:46.285 [main] INFO  t.mybatis.mapper.autoconfigure.MapperCacheDisabler - Clear tk.mybatis.mapper.genid.GenIdUtil CACHE cache.
2021-10-26 23:24:46.286 [main] INFO  t.mybatis.mapper.autoconfigure.MapperCacheDisabler - Clear tk.mybatis.mapper.version.VersionUtil CACHE cache.
2021-10-26 23:24:46.287 [main] INFO  t.mybatis.mapper.autoconfigure.MapperCacheDisabler - Clear EntityHelper entityTableMap cache.
2021-10-26 23:24:46.437 [main] INFO  org.apache.coyote.http11.Http11NioProtocol - Starting ProtocolHandler ["http-nio-9000"]
2021-10-26 23:24:46.458 [main] INFO  o.s.boot.web.embedded.tomcat.TomcatWebServer - Tomcat started on port(s): 9000 (http) with context path ''
2021-10-26 23:24:46.459 [main] INFO  s.d.s.web.plugins.DocumentationPluginsBootstrapper - Context refreshed
2021-10-26 23:24:46.483 [main] INFO  s.d.s.web.plugins.DocumentationPluginsBootstrapper - Found 1 custom documentation plugin(s)
2021-10-26 23:24:46.531 [main] INFO  s.d.spring.web.scanners.ApiListingReferenceScanner - Scanning for api listing references
2021-10-26 23:24:46.745 [main] INFO  com.lendSys.ApiApplication - Started ApiApplication in 5.083 seconds (JVM running for 6.044)
2021-10-26 23:24:59.954 [http-nio-9000-exec-1] INFO  o.a.c.core.ContainerBase.[Tomcat].[localhost].[/] - Initializing Spring DispatcherServlet 'dispatcherServlet'
2021-10-26 23:24:59.954 [http-nio-9000-exec-1] INFO  org.springframework.web.servlet.DispatcherServlet - Initializing Servlet 'dispatcherServlet'
2021-10-26 23:24:59.955 [http-nio-9000-exec-1] INFO  org.springframework.web.servlet.DispatcherServlet - Completed initialization in 0 ms
2021-10-26 23:26:27.625 [SpringApplicationShutdownHook] INFO  com.alibaba.druid.pool.DruidDataSource - {dataSource-1} closing ...
2021-10-26 23:26:27.629 [SpringApplicationShutdownHook] INFO  com.alibaba.druid.pool.DruidDataSource - {dataSource-1} closed
2021-10-26 23:26:32.097 [main] INFO  com.lendSys.ApiApplication - Starting ApiApplication using Java 15.0.1 on DESKTOP-C3O5G2V with PID 16540 (C:\IdeaProjects\Project\lendSys\api\target\classes started by Wenting Zhang in C:\IdeaProjects\Project\lendSys)
2021-10-26 23:26:32.101 [main] INFO  com.lendSys.ApiApplication - No active profile set, falling back to default profiles: default
2021-10-26 23:26:33.907 [main] INFO  o.s.boot.web.embedded.tomcat.TomcatWebServer - Tomcat initialized with port(s): 9000 (http)
2021-10-26 23:26:33.917 [main] INFO  org.apache.coyote.http11.Http11NioProtocol - Initializing ProtocolHandler ["http-nio-9000"]
2021-10-26 23:26:33.918 [main] INFO  org.apache.catalina.core.StandardService - Starting service [Tomcat]
2021-10-26 23:26:33.918 [main] INFO  org.apache.catalina.core.StandardEngine - Starting Servlet engine: [Apache Tomcat/9.0.53]
2021-10-26 23:26:34.067 [main] INFO  o.a.c.core.ContainerBase.[Tomcat].[localhost].[/] - Initializing Spring embedded WebApplicationContext
2021-10-26 23:26:34.067 [main] INFO  o.s.b.w.s.c.ServletWebServerApplicationContext - Root WebApplicationContext: initialization completed in 1908 ms
2021-10-26 23:26:34.192 [main] INFO  c.a.d.s.b.a.DruidDataSourceAutoConfigure - Init DruidDataSource
2021-10-26 23:26:34.320 [main] INFO  com.alibaba.druid.pool.DruidDataSource - {dataSource-1} inited
2021-10-26 23:26:35.252 [main] INFO  s.d.s.w.PropertySourcedRequestMappingHandlerMapping - Mapped URL path [/v2/api-docs] onto method [springfox.documentation.swagger2.web.Swagger2Controller#getDocumentation(String, HttpServletRequest)]
2021-10-26 23:26:35.995 [main] INFO  t.mybatis.mapper.autoconfigure.MapperCacheDisabler - Clear tk.mybatis.mapper.util.MsUtil CLASS_CACHE cache.
2021-10-26 23:26:35.996 [main] INFO  t.mybatis.mapper.autoconfigure.MapperCacheDisabler - Clear tk.mybatis.mapper.genid.GenIdUtil CACHE cache.
2021-10-26 23:26:35.997 [main] INFO  t.mybatis.mapper.autoconfigure.MapperCacheDisabler - Clear tk.mybatis.mapper.version.VersionUtil CACHE cache.
2021-10-26 23:26:35.997 [main] INFO  t.mybatis.mapper.autoconfigure.MapperCacheDisabler - Clear EntityHelper entityTableMap cache.
2021-10-26 23:26:36.146 [main] INFO  org.apache.coyote.http11.Http11NioProtocol - Starting ProtocolHandler ["http-nio-9000"]
2021-10-26 23:26:36.166 [main] INFO  o.s.boot.web.embedded.tomcat.TomcatWebServer - Tomcat started on port(s): 9000 (http) with context path ''
2021-10-26 23:26:36.168 [main] INFO  s.d.s.web.plugins.DocumentationPluginsBootstrapper - Context refreshed
2021-10-26 23:26:36.193 [main] INFO  s.d.s.web.plugins.DocumentationPluginsBootstrapper - Found 1 custom documentation plugin(s)
2021-10-26 23:26:36.244 [main] INFO  s.d.spring.web.scanners.ApiListingReferenceScanner - Scanning for api listing references
2021-10-26 23:26:36.451 [main] INFO  com.lendSys.ApiApplication - Started ApiApplication in 5.061 seconds (JVM running for 5.975)
2021-10-26 23:26:42.749 [http-nio-9000-exec-1] INFO  o.a.c.core.ContainerBase.[Tomcat].[localhost].[/] - Initializing Spring DispatcherServlet 'dispatcherServlet'
2021-10-26 23:26:42.750 [http-nio-9000-exec-1] INFO  org.springframework.web.servlet.DispatcherServlet - Initializing Servlet 'dispatcherServlet'
2021-10-26 23:26:42.751 [http-nio-9000-exec-1] INFO  org.springframework.web.servlet.DispatcherServlet - Completed initialization in 1 ms
2021-10-26 23:29:22.116 [SpringApplicationShutdownHook] INFO  com.alibaba.druid.pool.DruidDataSource - {dataSource-1} closing ...
2021-10-26 23:29:22.121 [SpringApplicationShutdownHook] INFO  com.alibaba.druid.pool.DruidDataSource - {dataSource-1} closed
2021-10-26 23:29:26.514 [main] INFO  com.lendSys.ApiApplication - Starting ApiApplication using Java 15.0.1 on DESKTOP-C3O5G2V with PID 29848 (C:\IdeaProjects\Project\lendSys\api\target\classes started by Wenting Zhang in C:\IdeaProjects\Project\lendSys)
2021-10-26 23:29:26.517 [main] INFO  com.lendSys.ApiApplication - No active profile set, falling back to default profiles: default
2021-10-26 23:29:28.323 [main] INFO  o.s.boot.web.embedded.tomcat.TomcatWebServer - Tomcat initialized with port(s): 9000 (http)
2021-10-26 23:29:28.334 [main] INFO  org.apache.coyote.http11.Http11NioProtocol - Initializing ProtocolHandler ["http-nio-9000"]
2021-10-26 23:29:28.335 [main] INFO  org.apache.catalina.core.StandardService - Starting service [Tomcat]
2021-10-26 23:29:28.335 [main] INFO  org.apache.catalina.core.StandardEngine - Starting Servlet engine: [Apache Tomcat/9.0.53]
2021-10-26 23:29:28.482 [main] INFO  o.a.c.core.ContainerBase.[Tomcat].[localhost].[/] - Initializing Spring embedded WebApplicationContext
2021-10-26 23:29:28.483 [main] INFO  o.s.b.w.s.c.ServletWebServerApplicationContext - Root WebApplicationContext: initialization completed in 1908 ms
2021-10-26 23:29:28.596 [main] INFO  c.a.d.s.b.a.DruidDataSourceAutoConfigure - Init DruidDataSource
2021-10-26 23:29:28.730 [main] INFO  com.alibaba.druid.pool.DruidDataSource - {dataSource-1} inited
2021-10-26 23:29:29.686 [main] INFO  s.d.s.w.PropertySourcedRequestMappingHandlerMapping - Mapped URL path [/v2/api-docs] onto method [springfox.documentation.swagger2.web.Swagger2Controller#getDocumentation(String, HttpServletRequest)]
2021-10-26 23:29:30.451 [main] INFO  t.mybatis.mapper.autoconfigure.MapperCacheDisabler - Clear tk.mybatis.mapper.util.MsUtil CLASS_CACHE cache.
2021-10-26 23:29:30.452 [main] INFO  t.mybatis.mapper.autoconfigure.MapperCacheDisabler - Clear tk.mybatis.mapper.genid.GenIdUtil CACHE cache.
2021-10-26 23:29:30.453 [main] INFO  t.mybatis.mapper.autoconfigure.MapperCacheDisabler - Clear tk.mybatis.mapper.version.VersionUtil CACHE cache.
2021-10-26 23:29:30.454 [main] INFO  t.mybatis.mapper.autoconfigure.MapperCacheDisabler - Clear EntityHelper entityTableMap cache.
2021-10-26 23:29:30.605 [main] INFO  org.apache.coyote.http11.Http11NioProtocol - Starting ProtocolHandler ["http-nio-9000"]
2021-10-26 23:29:30.626 [main] INFO  o.s.boot.web.embedded.tomcat.TomcatWebServer - Tomcat started on port(s): 9000 (http) with context path ''
2021-10-26 23:29:30.628 [main] INFO  s.d.s.web.plugins.DocumentationPluginsBootstrapper - Context refreshed
2021-10-26 23:29:30.653 [main] INFO  s.d.s.web.plugins.DocumentationPluginsBootstrapper - Found 1 custom documentation plugin(s)
2021-10-26 23:29:30.697 [main] INFO  s.d.spring.web.scanners.ApiListingReferenceScanner - Scanning for api listing references
2021-10-26 23:29:30.912 [main] INFO  com.lendSys.ApiApplication - Started ApiApplication in 5.106 seconds (JVM running for 5.949)
2021-10-26 23:29:37.598 [http-nio-9000-exec-1] INFO  o.a.c.core.ContainerBase.[Tomcat].[localhost].[/] - Initializing Spring DispatcherServlet 'dispatcherServlet'
2021-10-26 23:29:37.599 [http-nio-9000-exec-1] INFO  org.springframework.web.servlet.DispatcherServlet - Initializing Servlet 'dispatcherServlet'
2021-10-26 23:29:37.600 [http-nio-9000-exec-1] INFO  org.springframework.web.servlet.DispatcherServlet - Completed initialization in 1 ms
2021-10-26 23:37:08.758 [SpringApplicationShutdownHook] INFO  com.alibaba.druid.pool.DruidDataSource - {dataSource-1} closing ...
2021-10-26 23:37:08.763 [SpringApplicationShutdownHook] INFO  com.alibaba.druid.pool.DruidDataSource - {dataSource-1} closed
2021-10-26 23:37:13.109 [main] INFO  com.lendSys.ApiApplication - Starting ApiApplication using Java 15.0.1 on DESKTOP-C3O5G2V with PID 22556 (C:\IdeaProjects\Project\lendSys\api\target\classes started by Wenting Zhang in C:\IdeaProjects\Project\lendSys)
2021-10-26 23:37:13.113 [main] INFO  com.lendSys.ApiApplication - No active profile set, falling back to default profiles: default
2021-10-26 23:37:14.914 [main] INFO  o.s.boot.web.embedded.tomcat.TomcatWebServer - Tomcat initialized with port(s): 9000 (http)
2021-10-26 23:37:14.924 [main] INFO  org.apache.coyote.http11.Http11NioProtocol - Initializing ProtocolHandler ["http-nio-9000"]
2021-10-26 23:37:14.925 [main] INFO  org.apache.catalina.core.StandardService - Starting service [Tomcat]
2021-10-26 23:37:14.925 [main] INFO  org.apache.catalina.core.StandardEngine - Starting Servlet engine: [Apache Tomcat/9.0.53]
2021-10-26 23:37:15.072 [main] INFO  o.a.c.core.ContainerBase.[Tomcat].[localhost].[/] - Initializing Spring embedded WebApplicationContext
2021-10-26 23:37:15.072 [main] INFO  o.s.b.w.s.c.ServletWebServerApplicationContext - Root WebApplicationContext: initialization completed in 1898 ms
2021-10-26 23:37:15.193 [main] INFO  c.a.d.s.b.a.DruidDataSourceAutoConfigure - Init DruidDataSource
2021-10-26 23:37:15.317 [main] INFO  com.alibaba.druid.pool.DruidDataSource - {dataSource-1} inited
2021-10-26 23:37:16.220 [main] INFO  s.d.s.w.PropertySourcedRequestMappingHandlerMapping - Mapped URL path [/v2/api-docs] onto method [springfox.documentation.swagger2.web.Swagger2Controller#getDocumentation(String, HttpServletRequest)]
2021-10-26 23:37:16.939 [main] INFO  t.mybatis.mapper.autoconfigure.MapperCacheDisabler - Clear tk.mybatis.mapper.util.MsUtil CLASS_CACHE cache.
2021-10-26 23:37:16.940 [main] INFO  t.mybatis.mapper.autoconfigure.MapperCacheDisabler - Clear tk.mybatis.mapper.genid.GenIdUtil CACHE cache.
2021-10-26 23:37:16.941 [main] INFO  t.mybatis.mapper.autoconfigure.MapperCacheDisabler - Clear tk.mybatis.mapper.version.VersionUtil CACHE cache.
2021-10-26 23:37:16.942 [main] INFO  t.mybatis.mapper.autoconfigure.MapperCacheDisabler - Clear EntityHelper entityTableMap cache.
2021-10-26 23:37:17.090 [main] INFO  org.apache.coyote.http11.Http11NioProtocol - Starting ProtocolHandler ["http-nio-9000"]
2021-10-26 23:37:17.111 [main] INFO  o.s.boot.web.embedded.tomcat.TomcatWebServer - Tomcat started on port(s): 9000 (http) with context path ''
2021-10-26 23:37:17.112 [main] INFO  s.d.s.web.plugins.DocumentationPluginsBootstrapper - Context refreshed
2021-10-26 23:37:17.136 [main] INFO  s.d.s.web.plugins.DocumentationPluginsBootstrapper - Found 1 custom documentation plugin(s)
2021-10-26 23:37:17.182 [main] INFO  s.d.spring.web.scanners.ApiListingReferenceScanner - Scanning for api listing references
2021-10-26 23:37:17.382 [main] INFO  com.lendSys.ApiApplication - Started ApiApplication in 4.954 seconds (JVM running for 5.881)
2021-10-26 23:39:42.997 [http-nio-9000-exec-1] INFO  o.a.c.core.ContainerBase.[Tomcat].[localhost].[/] - Initializing Spring DispatcherServlet 'dispatcherServlet'
2021-10-26 23:39:42.997 [http-nio-9000-exec-1] INFO  org.springframework.web.servlet.DispatcherServlet - Initializing Servlet 'dispatcherServlet'
2021-10-26 23:39:42.998 [http-nio-9000-exec-1] INFO  org.springframework.web.servlet.DispatcherServlet - Completed initialization in 1 ms
2021-10-26 23:41:09.354 [SpringApplicationShutdownHook] INFO  com.alibaba.druid.pool.DruidDataSource - {dataSource-1} closing ...
2021-10-26 23:41:09.359 [SpringApplicationShutdownHook] INFO  com.alibaba.druid.pool.DruidDataSource - {dataSource-1} closed
2021-10-26 23:41:13.815 [main] INFO  com.lendSys.ApiApplication - Starting ApiApplication using Java 15.0.1 on DESKTOP-C3O5G2V with PID 14220 (C:\IdeaProjects\Project\lendSys\api\target\classes started by Wenting Zhang in C:\IdeaProjects\Project\lendSys)
2021-10-26 23:41:13.818 [main] INFO  com.lendSys.ApiApplication - No active profile set, falling back to default profiles: default
2021-10-26 23:41:15.642 [main] INFO  o.s.boot.web.embedded.tomcat.TomcatWebServer - Tomcat initialized with port(s): 9000 (http)
2021-10-26 23:41:15.656 [main] INFO  org.apache.coyote.http11.Http11NioProtocol - Initializing ProtocolHandler ["http-nio-9000"]
2021-10-26 23:41:15.657 [main] INFO  org.apache.catalina.core.StandardService - Starting service [Tomcat]
2021-10-26 23:41:15.657 [main] INFO  org.apache.catalina.core.StandardEngine - Starting Servlet engine: [Apache Tomcat/9.0.53]
2021-10-26 23:41:15.822 [main] INFO  o.a.c.core.ContainerBase.[Tomcat].[localhost].[/] - Initializing Spring embedded WebApplicationContext
2021-10-26 23:41:15.822 [main] INFO  o.s.b.w.s.c.ServletWebServerApplicationContext - Root WebApplicationContext: initialization completed in 1945 ms
2021-10-26 23:41:15.944 [main] INFO  c.a.d.s.b.a.DruidDataSourceAutoConfigure - Init DruidDataSource
2021-10-26 23:41:16.074 [main] INFO  com.alibaba.druid.pool.DruidDataSource - {dataSource-1} inited
2021-10-26 23:41:16.980 [main] INFO  s.d.s.w.PropertySourcedRequestMappingHandlerMapping - Mapped URL path [/v2/api-docs] onto method [springfox.documentation.swagger2.web.Swagger2Controller#getDocumentation(String, HttpServletRequest)]
2021-10-26 23:41:17.731 [main] INFO  t.mybatis.mapper.autoconfigure.MapperCacheDisabler - Clear tk.mybatis.mapper.util.MsUtil CLASS_CACHE cache.
2021-10-26 23:41:17.732 [main] INFO  t.mybatis.mapper.autoconfigure.MapperCacheDisabler - Clear tk.mybatis.mapper.genid.GenIdUtil CACHE cache.
2021-10-26 23:41:17.733 [main] INFO  t.mybatis.mapper.autoconfigure.MapperCacheDisabler - Clear tk.mybatis.mapper.version.VersionUtil CACHE cache.
2021-10-26 23:41:17.733 [main] INFO  t.mybatis.mapper.autoconfigure.MapperCacheDisabler - Clear EntityHelper entityTableMap cache.
2021-10-26 23:41:17.892 [main] INFO  org.apache.coyote.http11.Http11NioProtocol - Starting ProtocolHandler ["http-nio-9000"]
2021-10-26 23:41:17.915 [main] INFO  o.s.boot.web.embedded.tomcat.TomcatWebServer - Tomcat started on port(s): 9000 (http) with context path ''
2021-10-26 23:41:17.916 [main] INFO  s.d.s.web.plugins.DocumentationPluginsBootstrapper - Context refreshed
2021-10-26 23:41:17.945 [main] INFO  s.d.s.web.plugins.DocumentationPluginsBootstrapper - Found 1 custom documentation plugin(s)
2021-10-26 23:41:18.000 [main] INFO  s.d.spring.web.scanners.ApiListingReferenceScanner - Scanning for api listing references
2021-10-26 23:41:18.229 [main] INFO  com.lendSys.ApiApplication - Started ApiApplication in 5.095 seconds (JVM running for 6.06)
2021-10-26 23:41:21.992 [http-nio-9000-exec-1] INFO  o.a.c.core.ContainerBase.[Tomcat].[localhost].[/] - Initializing Spring DispatcherServlet 'dispatcherServlet'
2021-10-26 23:41:21.993 [http-nio-9000-exec-1] INFO  org.springframework.web.servlet.DispatcherServlet - Initializing Servlet 'dispatcherServlet'
2021-10-26 23:41:21.994 [http-nio-9000-exec-1] INFO  org.springframework.web.servlet.DispatcherServlet - Completed initialization in 1 ms
