2021-11-01 14:36:19.242 [main] INFO  com.lendSys.ApiApplication - Starting ApiApplication using Java 15.0.1 on DESKTOP-C3O5G2V with PID 4316 (C:\IdeaProjects\Project\lendSys\api\target\classes started by Wenting Zhang in C:\IdeaProjects\Project\lendSys)
2021-11-01 14:36:19.242 [main] INFO  com.lendSys.ApiApplication - No active profile set, falling back to default profiles: default
2021-11-01 14:36:20.996 [main] INFO  o.s.boot.web.embedded.tomcat.TomcatWebServer - Tomcat initialized with port(s): 9000 (http)
2021-11-01 14:36:21.002 [main] INFO  org.apache.coyote.http11.Http11NioProtocol - Initializing ProtocolHandler ["http-nio-9000"]
2021-11-01 14:36:21.002 [main] INFO  org.apache.catalina.core.StandardService - Starting service [Tomcat]
2021-11-01 14:36:21.002 [main] INFO  org.apache.catalina.core.StandardEngine - Starting Servlet engine: [Apache Tomcat/9.0.53]
2021-11-01 14:36:21.133 [main] INFO  o.a.c.core.ContainerBase.[Tomcat].[localhost].[/] - Initializing Spring embedded WebApplicationContext
2021-11-01 14:36:21.133 [main] INFO  o.s.b.w.s.c.ServletWebServerApplicationContext - Root WebApplicationContext: initialization completed in 1822 ms
2021-11-01 14:36:21.233 [main] INFO  c.a.d.s.b.a.DruidDataSourceAutoConfigure - Init DruidDataSource
2021-11-01 14:36:21.365 [main] INFO  com.alibaba.druid.pool.DruidDataSource - {dataSource-1} inited
2021-11-01 14:36:22.406 [main] INFO  s.d.s.w.PropertySourcedRequestMappingHandlerMapping - Mapped URL path [/v2/api-docs] onto method [springfox.documentation.swagger2.web.Swagger2Controller#getDocumentation(String, HttpServletRequest)]
2021-11-01 14:36:22.969 [main] INFO  t.mybatis.mapper.autoconfigure.MapperCacheDisabler - Clear tk.mybatis.mapper.util.MsUtil CLASS_CACHE cache.
2021-11-01 14:36:22.969 [main] INFO  t.mybatis.mapper.autoconfigure.MapperCacheDisabler - Clear tk.mybatis.mapper.genid.GenIdUtil CACHE cache.
2021-11-01 14:36:22.969 [main] INFO  t.mybatis.mapper.autoconfigure.MapperCacheDisabler - Clear tk.mybatis.mapper.version.VersionUtil CACHE cache.
2021-11-01 14:36:22.969 [main] INFO  t.mybatis.mapper.autoconfigure.MapperCacheDisabler - Clear EntityHelper entityTableMap cache.
2021-11-01 14:36:23.101 [main] INFO  org.apache.coyote.http11.Http11NioProtocol - Starting ProtocolHandler ["http-nio-9000"]
2021-11-01 14:36:23.123 [main] INFO  o.s.boot.web.embedded.tomcat.TomcatWebServer - Tomcat started on port(s): 9000 (http) with context path ''
2021-11-01 14:36:23.123 [main] INFO  s.d.s.web.plugins.DocumentationPluginsBootstrapper - Context refreshed
2021-11-01 14:36:23.138 [main] INFO  s.d.s.web.plugins.DocumentationPluginsBootstrapper - Found 1 custom documentation plugin(s)
2021-11-01 14:36:23.185 [main] INFO  s.d.spring.web.scanners.ApiListingReferenceScanner - Scanning for api listing references
2021-11-01 14:36:23.370 [main] INFO  s.d.s.w.r.operation.CachingOperationNameGenerator - Generating unique operation named: deleteProductUsingDELETE_1
2021-11-01 14:36:23.386 [main] INFO  s.d.s.w.r.operation.CachingOperationNameGenerator - Generating unique operation named: getPageUsersAdvanceUsingPOST_1
2021-11-01 14:36:23.424 [main] INFO  com.lendSys.ApiApplication - Started ApiApplication in 4.878 seconds (JVM running for 5.738)
2021-11-01 14:36:49.912 [http-nio-9000-exec-1] INFO  o.a.c.core.ContainerBase.[Tomcat].[localhost].[/] - Initializing Spring DispatcherServlet 'dispatcherServlet'
2021-11-01 14:36:49.912 [http-nio-9000-exec-1] INFO  org.springframework.web.servlet.DispatcherServlet - Initializing Servlet 'dispatcherServlet'
2021-11-01 14:36:49.912 [http-nio-9000-exec-1] INFO  org.springframework.web.servlet.DispatcherServlet - Completed initialization in 0 ms
2021-11-01 15:28:26.312 [main] INFO  com.lendSys.ApiApplication - Starting ApiApplication using Java 15.0.1 on DESKTOP-C3O5G2V with PID 16844 (C:\IdeaProjects\Project\lendSys\api\target\classes started by Wenting Zhang in C:\IdeaProjects\Project\lendSys)
2021-11-01 15:28:26.315 [main] INFO  com.lendSys.ApiApplication - No active profile set, falling back to default profiles: default
2021-11-01 15:28:27.932 [main] INFO  o.s.boot.web.embedded.tomcat.TomcatWebServer - Tomcat initialized with port(s): 9000 (http)
2021-11-01 15:28:27.942 [main] INFO  org.apache.coyote.http11.Http11NioProtocol - Initializing ProtocolHandler ["http-nio-9000"]
2021-11-01 15:28:27.942 [main] INFO  org.apache.catalina.core.StandardService - Starting service [Tomcat]
2021-11-01 15:28:27.942 [main] INFO  org.apache.catalina.core.StandardEngine - Starting Servlet engine: [Apache Tomcat/9.0.53]
2021-11-01 15:28:28.077 [main] INFO  o.a.c.core.ContainerBase.[Tomcat].[localhost].[/] - Initializing Spring embedded WebApplicationContext
2021-11-01 15:28:28.077 [main] INFO  o.s.b.w.s.c.ServletWebServerApplicationContext - Root WebApplicationContext: initialization completed in 1708 ms
2021-11-01 15:28:28.165 [main] INFO  c.a.d.s.b.a.DruidDataSourceAutoConfigure - Init DruidDataSource
2021-11-01 15:28:28.283 [main] INFO  com.alibaba.druid.pool.DruidDataSource - {dataSource-1} inited
2021-11-01 15:28:29.171 [main] INFO  s.d.s.w.PropertySourcedRequestMappingHandlerMapping - Mapped URL path [/v2/api-docs] onto method [springfox.documentation.swagger2.web.Swagger2Controller#getDocumentation(String, HttpServletRequest)]
2021-11-01 15:28:29.723 [main] INFO  t.mybatis.mapper.autoconfigure.MapperCacheDisabler - Clear tk.mybatis.mapper.util.MsUtil CLASS_CACHE cache.
2021-11-01 15:28:29.724 [main] INFO  t.mybatis.mapper.autoconfigure.MapperCacheDisabler - Clear tk.mybatis.mapper.genid.GenIdUtil CACHE cache.
2021-11-01 15:28:29.724 [main] INFO  t.mybatis.mapper.autoconfigure.MapperCacheDisabler - Clear tk.mybatis.mapper.version.VersionUtil CACHE cache.
2021-11-01 15:28:29.725 [main] INFO  t.mybatis.mapper.autoconfigure.MapperCacheDisabler - Clear EntityHelper entityTableMap cache.
2021-11-01 15:28:29.852 [main] INFO  org.apache.coyote.http11.Http11NioProtocol - Starting ProtocolHandler ["http-nio-9000"]
2021-11-01 15:28:29.870 [main] INFO  o.s.boot.web.embedded.tomcat.TomcatWebServer - Tomcat started on port(s): 9000 (http) with context path ''
2021-11-01 15:28:29.871 [main] INFO  s.d.s.web.plugins.DocumentationPluginsBootstrapper - Context refreshed
2021-11-01 15:28:29.892 [main] INFO  s.d.s.web.plugins.DocumentationPluginsBootstrapper - Found 1 custom documentation plugin(s)
2021-11-01 15:28:29.931 [main] INFO  s.d.spring.web.scanners.ApiListingReferenceScanner - Scanning for api listing references
2021-11-01 15:28:30.114 [main] INFO  s.d.s.w.r.operation.CachingOperationNameGenerator - Generating unique operation named: deleteProductUsingDELETE_1
2021-11-01 15:28:30.122 [main] INFO  s.d.s.w.r.operation.CachingOperationNameGenerator - Generating unique operation named: getPageUsersAdvanceUsingPOST_1
2021-11-01 15:28:30.153 [main] INFO  com.lendSys.ApiApplication - Started ApiApplication in 4.47 seconds (JVM running for 5.178)
2021-11-01 15:29:10.882 [http-nio-9000-exec-1] INFO  o.a.c.core.ContainerBase.[Tomcat].[localhost].[/] - Initializing Spring DispatcherServlet 'dispatcherServlet'
2021-11-01 15:29:10.882 [http-nio-9000-exec-1] INFO  org.springframework.web.servlet.DispatcherServlet - Initializing Servlet 'dispatcherServlet'
2021-11-01 15:29:10.883 [http-nio-9000-exec-1] INFO  org.springframework.web.servlet.DispatcherServlet - Completed initialization in 0 ms
2021-11-01 15:30:15.526 [main] INFO  com.lendSys.ApiApplication - Starting ApiApplication using Java 15.0.1 on DESKTOP-C3O5G2V with PID 22156 (C:\IdeaProjects\Project\lendSys\api\target\classes started by Wenting Zhang in C:\IdeaProjects\Project\lendSys)
2021-11-01 15:30:15.530 [main] INFO  com.lendSys.ApiApplication - No active profile set, falling back to default profiles: default
2021-11-01 15:30:17.328 [main] INFO  o.s.boot.web.embedded.tomcat.TomcatWebServer - Tomcat initialized with port(s): 9000 (http)
2021-11-01 15:30:17.338 [main] INFO  org.apache.coyote.http11.Http11NioProtocol - Initializing ProtocolHandler ["http-nio-9000"]
2021-11-01 15:30:17.339 [main] INFO  org.apache.catalina.core.StandardService - Starting service [Tomcat]
2021-11-01 15:30:17.339 [main] INFO  org.apache.catalina.core.StandardEngine - Starting Servlet engine: [Apache Tomcat/9.0.53]
2021-11-01 15:30:17.483 [main] INFO  o.a.c.core.ContainerBase.[Tomcat].[localhost].[/] - Initializing Spring embedded WebApplicationContext
2021-11-01 15:30:17.484 [main] INFO  o.s.b.w.s.c.ServletWebServerApplicationContext - Root WebApplicationContext: initialization completed in 1888 ms
2021-11-01 15:30:17.601 [main] INFO  c.a.d.s.b.a.DruidDataSourceAutoConfigure - Init DruidDataSource
2021-11-01 15:30:17.724 [main] INFO  com.alibaba.druid.pool.DruidDataSource - {dataSource-1} inited
2021-11-01 15:30:18.706 [main] INFO  s.d.s.w.PropertySourcedRequestMappingHandlerMapping - Mapped URL path [/v2/api-docs] onto method [springfox.documentation.swagger2.web.Swagger2Controller#getDocumentation(String, HttpServletRequest)]
2021-11-01 15:30:19.307 [main] INFO  t.mybatis.mapper.autoconfigure.MapperCacheDisabler - Clear tk.mybatis.mapper.util.MsUtil CLASS_CACHE cache.
2021-11-01 15:30:19.308 [main] INFO  t.mybatis.mapper.autoconfigure.MapperCacheDisabler - Clear tk.mybatis.mapper.genid.GenIdUtil CACHE cache.
2021-11-01 15:30:19.308 [main] INFO  t.mybatis.mapper.autoconfigure.MapperCacheDisabler - Clear tk.mybatis.mapper.version.VersionUtil CACHE cache.
2021-11-01 15:30:19.309 [main] INFO  t.mybatis.mapper.autoconfigure.MapperCacheDisabler - Clear EntityHelper entityTableMap cache.
2021-11-01 15:30:19.452 [main] INFO  org.apache.coyote.http11.Http11NioProtocol - Starting ProtocolHandler ["http-nio-9000"]
2021-11-01 15:30:19.471 [main] INFO  o.s.boot.web.embedded.tomcat.TomcatWebServer - Tomcat started on port(s): 9000 (http) with context path ''
2021-11-01 15:30:19.472 [main] INFO  s.d.s.web.plugins.DocumentationPluginsBootstrapper - Context refreshed
2021-11-01 15:30:19.494 [main] INFO  s.d.s.web.plugins.DocumentationPluginsBootstrapper - Found 1 custom documentation plugin(s)
2021-11-01 15:30:19.537 [main] INFO  s.d.spring.web.scanners.ApiListingReferenceScanner - Scanning for api listing references
2021-11-01 15:30:19.739 [main] INFO  s.d.s.w.r.operation.CachingOperationNameGenerator - Generating unique operation named: deleteProductUsingDELETE_1
2021-11-01 15:30:19.749 [main] INFO  s.d.s.w.r.operation.CachingOperationNameGenerator - Generating unique operation named: getPageUsersAdvanceUsingPOST_1
2021-11-01 15:30:19.783 [main] INFO  com.lendSys.ApiApplication - Started ApiApplication in 4.939 seconds (JVM running for 6.331)
2021-11-01 15:31:01.660 [http-nio-9000-exec-1] INFO  o.a.c.core.ContainerBase.[Tomcat].[localhost].[/] - Initializing Spring DispatcherServlet 'dispatcherServlet'
2021-11-01 15:31:01.660 [http-nio-9000-exec-1] INFO  org.springframework.web.servlet.DispatcherServlet - Initializing Servlet 'dispatcherServlet'
2021-11-01 15:31:01.661 [http-nio-9000-exec-1] INFO  org.springframework.web.servlet.DispatcherServlet - Completed initialization in 1 ms
2021-11-01 17:43:28.743 [SpringApplicationShutdownHook] INFO  com.alibaba.druid.pool.DruidDataSource - {dataSource-1} closing ...
2021-11-01 17:43:28.744 [SpringApplicationShutdownHook] INFO  com.alibaba.druid.pool.DruidDataSource - {dataSource-1} closed
2021-11-01 20:06:49.732 [main] INFO  com.lendSys.ApiApplication - Starting ApiApplication using Java 15.0.1 on DESKTOP-C3O5G2V with PID 19592 (C:\IdeaProjects\Project\lendSys\api\target\classes started by Wenting Zhang in C:\IdeaProjects\Project\lendSys)
2021-11-01 20:06:49.736 [main] INFO  com.lendSys.ApiApplication - No active profile set, falling back to default profiles: default
2021-11-01 20:06:51.507 [main] INFO  o.s.boot.web.embedded.tomcat.TomcatWebServer - Tomcat initialized with port(s): 9000 (http)
2021-11-01 20:06:51.518 [main] INFO  org.apache.coyote.http11.Http11NioProtocol - Initializing ProtocolHandler ["http-nio-9000"]
2021-11-01 20:06:51.518 [main] INFO  org.apache.catalina.core.StandardService - Starting service [Tomcat]
2021-11-01 20:06:51.518 [main] INFO  org.apache.catalina.core.StandardEngine - Starting Servlet engine: [Apache Tomcat/9.0.53]
2021-11-01 20:06:51.661 [main] INFO  o.a.c.core.ContainerBase.[Tomcat].[localhost].[/] - Initializing Spring embedded WebApplicationContext
2021-11-01 20:06:51.661 [main] INFO  o.s.b.w.s.c.ServletWebServerApplicationContext - Root WebApplicationContext: initialization completed in 1874 ms
2021-11-01 20:06:51.757 [main] INFO  c.a.d.s.b.a.DruidDataSourceAutoConfigure - Init DruidDataSource
2021-11-01 20:06:51.877 [main] INFO  com.alibaba.druid.pool.DruidDataSource - {dataSource-1} inited
2021-11-01 20:06:52.870 [main] INFO  s.d.s.w.PropertySourcedRequestMappingHandlerMapping - Mapped URL path [/v2/api-docs] onto method [springfox.documentation.swagger2.web.Swagger2Controller#getDocumentation(String, HttpServletRequest)]
2021-11-01 20:06:53.509 [main] INFO  t.mybatis.mapper.autoconfigure.MapperCacheDisabler - Clear tk.mybatis.mapper.util.MsUtil CLASS_CACHE cache.
2021-11-01 20:06:53.510 [main] INFO  t.mybatis.mapper.autoconfigure.MapperCacheDisabler - Clear tk.mybatis.mapper.genid.GenIdUtil CACHE cache.
2021-11-01 20:06:53.511 [main] INFO  t.mybatis.mapper.autoconfigure.MapperCacheDisabler - Clear tk.mybatis.mapper.version.VersionUtil CACHE cache.
2021-11-01 20:06:53.511 [main] INFO  t.mybatis.mapper.autoconfigure.MapperCacheDisabler - Clear EntityHelper entityTableMap cache.
2021-11-01 20:06:53.653 [main] INFO  org.apache.coyote.http11.Http11NioProtocol - Starting ProtocolHandler ["http-nio-9000"]
2021-11-01 20:06:53.673 [main] INFO  o.s.boot.web.embedded.tomcat.TomcatWebServer - Tomcat started on port(s): 9000 (http) with context path ''
2021-11-01 20:06:53.674 [main] INFO  s.d.s.web.plugins.DocumentationPluginsBootstrapper - Context refreshed
2021-11-01 20:06:53.699 [main] INFO  s.d.s.web.plugins.DocumentationPluginsBootstrapper - Found 1 custom documentation plugin(s)
2021-11-01 20:06:53.744 [main] INFO  s.d.spring.web.scanners.ApiListingReferenceScanner - Scanning for api listing references
2021-11-01 20:06:53.952 [main] INFO  s.d.s.w.r.operation.CachingOperationNameGenerator - Generating unique operation named: deleteProductUsingDELETE_1
2021-11-01 20:06:53.961 [main] INFO  s.d.s.w.r.operation.CachingOperationNameGenerator - Generating unique operation named: getPageUsersAdvanceUsingPOST_1
2021-11-01 20:06:53.996 [main] INFO  com.lendSys.ApiApplication - Started ApiApplication in 4.944 seconds (JVM running for 5.783)
2021-11-01 20:07:10.358 [http-nio-9000-exec-1] INFO  o.a.c.core.ContainerBase.[Tomcat].[localhost].[/] - Initializing Spring DispatcherServlet 'dispatcherServlet'
2021-11-01 20:07:10.359 [http-nio-9000-exec-1] INFO  org.springframework.web.servlet.DispatcherServlet - Initializing Servlet 'dispatcherServlet'
2021-11-01 20:07:10.359 [http-nio-9000-exec-1] INFO  org.springframework.web.servlet.DispatcherServlet - Completed initialization in 0 ms
