2021-11-18 14:56:36.730 [main] INFO  com.lendSys.ApiApplication - Starting ApiApplication using Java 15.0.1 on DESKTOP-C3O5G2V with PID 20792 (C:\IdeaProjects\Project\lendSys\api\target\classes started by Wenting Zhang in C:\IdeaProjects\Project\lendSys)
2021-11-18 14:56:36.730 [main] INFO  com.lendSys.ApiApplication - No active profile set, falling back to default profiles: default
2021-11-18 14:56:38.570 [main] INFO  o.s.boot.web.embedded.tomcat.TomcatWebServer - Tomcat initialized with port(s): 9000 (http)
2021-11-18 14:56:38.586 [main] INFO  org.apache.coyote.http11.Http11NioProtocol - Initializing ProtocolHandler ["http-nio-9000"]
2021-11-18 14:56:38.586 [main] INFO  org.apache.catalina.core.StandardService - Starting service [Tomcat]
2021-11-18 14:56:38.586 [main] INFO  org.apache.catalina.core.StandardEngine - Starting Servlet engine: [Apache Tomcat/9.0.53]
2021-11-18 14:56:38.718 [main] INFO  o.a.c.core.ContainerBase.[Tomcat].[localhost].[/] - Initializing Spring embedded WebApplicationContext
2021-11-18 14:56:38.718 [main] INFO  o.s.b.w.s.c.ServletWebServerApplicationContext - Root WebApplicationContext: initialization completed in 1915 ms
2021-11-18 14:56:38.818 [main] INFO  c.a.d.s.b.a.DruidDataSourceAutoConfigure - Init DruidDataSource
2021-11-18 14:56:38.965 [main] INFO  com.alibaba.druid.pool.DruidDataSource - {dataSource-1} inited
2021-11-18 14:56:39.952 [main] INFO  s.d.s.w.PropertySourcedRequestMappingHandlerMapping - Mapped URL path [/v2/api-docs] onto method [springfox.documentation.swagger2.web.Swagger2Controller#getDocumentation(String, HttpServletRequest)]
2021-11-18 14:56:40.353 [main] INFO  t.mybatis.mapper.autoconfigure.MapperCacheDisabler - Clear tk.mybatis.mapper.util.MsUtil CLASS_CACHE cache.
2021-11-18 14:56:40.353 [main] INFO  t.mybatis.mapper.autoconfigure.MapperCacheDisabler - Clear tk.mybatis.mapper.genid.GenIdUtil CACHE cache.
2021-11-18 14:56:40.353 [main] INFO  t.mybatis.mapper.autoconfigure.MapperCacheDisabler - Clear tk.mybatis.mapper.version.VersionUtil CACHE cache.
2021-11-18 14:56:40.353 [main] INFO  t.mybatis.mapper.autoconfigure.MapperCacheDisabler - Clear EntityHelper entityTableMap cache.
2021-11-18 14:56:40.475 [main] INFO  org.apache.coyote.http11.Http11NioProtocol - Starting ProtocolHandler ["http-nio-9000"]
2021-11-18 14:56:40.491 [main] INFO  o.s.boot.web.embedded.tomcat.TomcatWebServer - Tomcat started on port(s): 9000 (http) with context path ''
2021-11-18 14:56:40.491 [main] INFO  s.d.s.web.plugins.DocumentationPluginsBootstrapper - Context refreshed
2021-11-18 14:56:40.523 [main] INFO  s.d.s.web.plugins.DocumentationPluginsBootstrapper - Found 1 custom documentation plugin(s)
2021-11-18 14:56:40.554 [main] INFO  s.d.spring.web.scanners.ApiListingReferenceScanner - Scanning for api listing references
2021-11-18 14:56:40.839 [main] INFO  s.d.s.w.r.operation.CachingOperationNameGenerator - Generating unique operation named: deleteProductUsingDELETE_1
2021-11-18 14:56:40.839 [main] INFO  s.d.s.w.r.operation.CachingOperationNameGenerator - Generating unique operation named: getPageUsersAdvanceUsingPOST_1
2021-11-18 14:56:40.877 [main] INFO  com.lendSys.ApiApplication - Started ApiApplication in 4.887 seconds (JVM running for 5.699)
