2021-11-10 16:56:37.915 [http-nio-9000-exec-10] ERROR com.lendSys.utils.GlobalExceptionHandler - Invalid bound statement (not found): com.lendSys.dao.ProductPictureMapper.categoryPic
2021-11-10 17:27:19.534 [http-nio-9000-exec-4] ERROR com.lendSys.utils.GlobalExceptionHandler - Invalid bound statement (not found): com.lendSys.dao.ProductPictureMapper.categoryPic
2021-11-10 17:43:35.232 [http-nio-9000-exec-6] ERROR com.lendSys.utils.GlobalExceptionHandler - Invalid bound statement (not found): com.lendSys.dao.ProductPictureMapper.categoryPic
2021-11-10 17:47:38.279 [http-nio-9000-exec-3] ERROR com.lendSys.utils.GlobalExceptionHandler - Invalid bound statement (not found): com.lendSys.dao.ProductPictureMapper.categoryPic
2021-11-10 17:51:15.624 [http-nio-9000-exec-7] ERROR com.lendSys.utils.GlobalExceptionHandler - Invalid bound statement (not found): com.lendSys.dao.ProductPictureMapper.categoryPic
2021-11-10 17:51:56.334 [http-nio-9000-exec-1] ERROR com.lendSys.utils.GlobalExceptionHandler - Invalid bound statement (not found): com.lendSys.dao.ProductPictureMapper.categoryPic
2021-11-10 17:53:04.795 [http-nio-9000-exec-3] ERROR com.lendSys.utils.GlobalExceptionHandler - Invalid bound statement (not found): com.lendSys.dao.ProductPictureMapper.categoryPic
2021-11-10 17:54:17.757 [http-nio-9000-exec-5] ERROR com.lendSys.utils.GlobalExceptionHandler - Invalid bound statement (not found): com.lendSys.dao.ProductPictureMapper.categoryPic
2021-11-10 17:57:30.269 [http-nio-9000-exec-7] ERROR com.lendSys.utils.GlobalExceptionHandler - Invalid bound statement (not found): com.lendSys.dao.ProductPictureMapper.categoryPic
2021-11-10 18:16:35.996 [http-nio-9000-exec-9] ERROR com.lendSys.utils.GlobalExceptionHandler - Invalid bound statement (not found): com.lendSys.dao.ProductPictureMapper.categoryPic
2021-11-10 18:16:49.985 [http-nio-9000-exec-3] ERROR com.lendSys.utils.GlobalExceptionHandler - Invalid bound statement (not found): com.lendSys.dao.ProductPictureMapper.categoryPic
2021-11-10 20:20:24.326 [http-nio-9000-exec-4] ERROR com.lendSys.utils.GlobalExceptionHandler - Invalid bound statement (not found): com.lendSys.dao.ProductPictureMapper.categoryPic
2021-11-10 20:21:52.954 [http-nio-9000-exec-1] ERROR com.lendSys.utils.GlobalExceptionHandler - Invalid bound statement (not found): com.lendSys.dao.ProductPictureMapper.categoryPic
2021-11-10 20:27:07.759 [http-nio-9000-exec-6] ERROR com.lendSys.utils.GlobalExceptionHandler - Invalid bound statement (not found): com.lendSys.dao.ProductPictureMapper.categoryPic
2021-11-10 20:27:44.567 [http-nio-9000-exec-4] ERROR com.lendSys.utils.GlobalExceptionHandler - Invalid bound statement (not found): com.lendSys.dao.ProductPictureMapper.selectByCategory
2021-11-10 20:30:00.928 [http-nio-9000-exec-4] ERROR com.lendSys.utils.GlobalExceptionHandler - nested exception is org.apache.ibatis.exceptions.PersistenceException: 
### Error querying database.  Cause: java.lang.UnsupportedOperationException
### The error may exist in com/lendSys/dao/ProductPictureMapper.java (best guess)
### The error may involve com.lendSys.dao.ProductPictureMapper.selectByCategory
### The error occurred while handling results
### SQL: select * from product_picture LIMIT ?
### Cause: java.lang.UnsupportedOperationException
2021-11-10 20:32:38.255 [http-nio-9000-exec-1] ERROR com.lendSys.utils.GlobalExceptionHandler - nested exception is org.apache.ibatis.exceptions.PersistenceException: 
### Error querying database.  Cause: java.lang.UnsupportedOperationException
### The error may exist in com/lendSys/dao/ProductPictureMapper.java (best guess)
### The error may involve com.lendSys.dao.ProductPictureMapper.selectByCategory
### The error occurred while handling results
### SQL: select * from product_picture LIMIT ?
### Cause: java.lang.UnsupportedOperationException
2021-11-10 20:32:49.698 [http-nio-9000-exec-5] ERROR com.lendSys.utils.GlobalExceptionHandler - nested exception is org.apache.ibatis.exceptions.PersistenceException: 
### Error querying database.  Cause: java.lang.UnsupportedOperationException
### The error may exist in com/lendSys/dao/ProductPictureMapper.java (best guess)
### The error may involve com.lendSys.dao.ProductPictureMapper.selectByCategory
### The error occurred while handling results
### SQL: select * from product_picture LIMIT ?
### Cause: java.lang.UnsupportedOperationException
2021-11-10 20:34:01.803 [http-nio-9000-exec-1] ERROR com.lendSys.utils.GlobalExceptionHandler - Invalid bound statement (not found): com.lendSys.dao.ProductPictureMapper.selectByCategory
2021-11-10 20:36:27.054 [http-nio-9000-exec-4] ERROR com.lendSys.utils.GlobalExceptionHandler - Invalid bound statement (not found): com.lendSys.dao.ProductPictureMapper.selectByCategory
2021-11-10 20:38:02.747 [main] ERROR org.springframework.boot.SpringApplication - Application run failed
org.springframework.beans.factory.BeanCreationException: Error creating bean with name 'adminController': Injection of resource dependencies failed; nested exception is org.springframework.beans.factory.UnsatisfiedDependencyException: Error creating bean with name 'adminServiceImpl': Unsatisfied dependency expressed through field 'usersMapper'; nested exception is org.springframework.beans.factory.UnsatisfiedDependencyException: Error creating bean with name 'usersMapper' defined in file [C:\IdeaProjects\Project\lendSys\mapper\target\classes\com\lendSys\dao\UsersMapper.class]: Unsatisfied dependency expressed through bean property 'sqlSessionFactory'; nested exception is org.springframework.beans.factory.BeanCreationException: Error creating bean with name 'sqlSessionFactory' defined in class path resource [com/baomidou/mybatisplus/autoconfigure/MybatisPlusAutoConfiguration.class]: Bean instantiation via factory method failed; nested exception is org.springframework.beans.BeanInstantiationException: Failed to instantiate [org.apache.ibatis.session.SqlSessionFactory]: Factory method 'sqlSessionFactory' threw exception; nested exception is org.springframework.core.NestedIOException: Failed to parse mapping resource: 'file [C:\IdeaProjects\Project\lendSys\mapper\target\classes\mappers\UsersMapper.xml]'; nested exception is org.apache.ibatis.builder.BuilderException: Error parsing Mapper XML. The XML location is 'file [C:\IdeaProjects\Project\lendSys\mapper\target\classes\mappers\UsersMapper.xml]'. Cause: org.apache.ibatis.builder.BuilderException: Error resolving class. Cause: org.apache.ibatis.type.TypeException: Could not resolve type alias 'users'.  Cause: java.lang.ClassNotFoundException: Cannot find class: users
	at org.springframework.context.annotation.CommonAnnotationBeanPostProcessor.postProcessProperties(CommonAnnotationBeanPostProcessor.java:321)
	at org.springframework.beans.factory.support.AbstractAutowireCapableBeanFactory.populateBean(AbstractAutowireCapableBeanFactory.java:1431)
	at org.springframework.beans.factory.support.AbstractAutowireCapableBeanFactory.doCreateBean(AbstractAutowireCapableBeanFactory.java:619)
	at org.springframework.beans.factory.support.AbstractAutowireCapableBeanFactory.createBean(AbstractAutowireCapableBeanFactory.java:542)
	at org.springframework.beans.factory.support.AbstractBeanFactory.lambda$doGetBean$0(AbstractBeanFactory.java:335)
	at org.springframework.beans.factory.support.DefaultSingletonBeanRegistry.getSingleton(DefaultSingletonBeanRegistry.java:234)
	at org.springframework.beans.factory.support.AbstractBeanFactory.doGetBean(AbstractBeanFactory.java:333)
	at org.springframework.beans.factory.support.AbstractBeanFactory.getBean(AbstractBeanFactory.java:208)
	at org.springframework.beans.factory.support.DefaultListableBeanFactory.preInstantiateSingletons(DefaultListableBeanFactory.java:944)
	at org.springframework.context.support.AbstractApplicationContext.finishBeanFactoryInitialization(AbstractApplicationContext.java:918)
	at org.springframework.context.support.AbstractApplicationContext.refresh(AbstractApplicationContext.java:583)
	at org.springframework.boot.web.servlet.context.ServletWebServerApplicationContext.refresh(ServletWebServerApplicationContext.java:145)
	at org.springframework.boot.SpringApplication.refresh(SpringApplication.java:754)
	at org.springframework.boot.SpringApplication.refreshContext(SpringApplication.java:434)
	at org.springframework.boot.SpringApplication.run(SpringApplication.java:338)
	at org.springframework.boot.SpringApplication.run(SpringApplication.java:1343)
	at org.springframework.boot.SpringApplication.run(SpringApplication.java:1332)
	at com.lendSys.ApiApplication.main(ApiApplication.java:13)
Caused by: org.springframework.beans.factory.UnsatisfiedDependencyException: Error creating bean with name 'adminServiceImpl': Unsatisfied dependency expressed through field 'usersMapper'; nested exception is org.springframework.beans.factory.UnsatisfiedDependencyException: Error creating bean with name 'usersMapper' defined in file [C:\IdeaProjects\Project\lendSys\mapper\target\classes\com\lendSys\dao\UsersMapper.class]: Unsatisfied dependency expressed through bean property 'sqlSessionFactory'; nested exception is org.springframework.beans.factory.BeanCreationException: Error creating bean with name 'sqlSessionFactory' defined in class path resource [com/baomidou/mybatisplus/autoconfigure/MybatisPlusAutoConfiguration.class]: Bean instantiation via factory method failed; nested exception is org.springframework.beans.BeanInstantiationException: Failed to instantiate [org.apache.ibatis.session.SqlSessionFactory]: Factory method 'sqlSessionFactory' threw exception; nested exception is org.springframework.core.NestedIOException: Failed to parse mapping resource: 'file [C:\IdeaProjects\Project\lendSys\mapper\target\classes\mappers\UsersMapper.xml]'; nested exception is org.apache.ibatis.builder.BuilderException: Error parsing Mapper XML. The XML location is 'file [C:\IdeaProjects\Project\lendSys\mapper\target\classes\mappers\UsersMapper.xml]'. Cause: org.apache.ibatis.builder.BuilderException: Error resolving class. Cause: org.apache.ibatis.type.TypeException: Could not resolve type alias 'users'.  Cause: java.lang.ClassNotFoundException: Cannot find class: users
	at org.springframework.beans.factory.annotation.AutowiredAnnotationBeanPostProcessor$AutowiredFieldElement.resolveFieldValue(AutowiredAnnotationBeanPostProcessor.java:660)
	at org.springframework.beans.factory.annotation.AutowiredAnnotationBeanPostProcessor$AutowiredFieldElement.inject(AutowiredAnnotationBeanPostProcessor.java:640)
	at org.springframework.beans.factory.annotation.InjectionMetadata.inject(InjectionMetadata.java:119)
	at org.springframework.beans.factory.annotation.AutowiredAnnotationBeanPostProcessor.postProcessProperties(AutowiredAnnotationBeanPostProcessor.java:399)
	at org.springframework.beans.factory.support.AbstractAutowireCapableBeanFactory.populateBean(AbstractAutowireCapableBeanFactory.java:1431)
	at org.springframework.beans.factory.support.AbstractAutowireCapableBeanFactory.doCreateBean(AbstractAutowireCapableBeanFactory.java:619)
	at org.springframework.beans.factory.support.AbstractAutowireCapableBeanFactory.createBean(AbstractAutowireCapableBeanFactory.java:542)
	at org.springframework.beans.factory.support.AbstractBeanFactory.lambda$doGetBean$0(AbstractBeanFactory.java:335)
	at org.springframework.beans.factory.support.DefaultSingletonBeanRegistry.getSingleton(DefaultSingletonBeanRegistry.java:234)
	at org.springframework.beans.factory.support.AbstractBeanFactory.doGetBean(AbstractBeanFactory.java:333)
	at org.springframework.beans.factory.support.AbstractBeanFactory.getBean(AbstractBeanFactory.java:208)
	at org.springframework.beans.factory.config.DependencyDescriptor.resolveCandidate(DependencyDescriptor.java:276)
	at org.springframework.beans.factory.support.DefaultListableBeanFactory.doResolveDependency(DefaultListableBeanFactory.java:1380)
	at org.springframework.beans.factory.support.DefaultListableBeanFactory.resolveDependency(DefaultListableBeanFactory.java:1300)
	at org.springframework.context.annotation.CommonAnnotationBeanPostProcessor.autowireResource(CommonAnnotationBeanPostProcessor.java:521)
	at org.springframework.context.annotation.CommonAnnotationBeanPostProcessor.getResource(CommonAnnotationBeanPostProcessor.java:497)
	at org.springframework.context.annotation.CommonAnnotationBeanPostProcessor$ResourceElement.getResourceToInject(CommonAnnotationBeanPostProcessor.java:650)
	at org.springframework.beans.factory.annotation.InjectionMetadata$InjectedElement.inject(InjectionMetadata.java:228)
	at org.springframework.beans.factory.annotation.InjectionMetadata.inject(InjectionMetadata.java:119)
	at org.springframework.context.annotation.CommonAnnotationBeanPostProcessor.postProcessProperties(CommonAnnotationBeanPostProcessor.java:318)
	... 17 common frames omitted
Caused by: org.springframework.beans.factory.UnsatisfiedDependencyException: Error creating bean with name 'usersMapper' defined in file [C:\IdeaProjects\Project\lendSys\mapper\target\classes\com\lendSys\dao\UsersMapper.class]: Unsatisfied dependency expressed through bean property 'sqlSessionFactory'; nested exception is org.springframework.beans.factory.BeanCreationException: Error creating bean with name 'sqlSessionFactory' defined in class path resource [com/baomidou/mybatisplus/autoconfigure/MybatisPlusAutoConfiguration.class]: Bean instantiation via factory method failed; nested exception is org.springframework.beans.BeanInstantiationException: Failed to instantiate [org.apache.ibatis.session.SqlSessionFactory]: Factory method 'sqlSessionFactory' threw exception; nested exception is org.springframework.core.NestedIOException: Failed to parse mapping resource: 'file [C:\IdeaProjects\Project\lendSys\mapper\target\classes\mappers\UsersMapper.xml]'; nested exception is org.apache.ibatis.builder.BuilderException: Error parsing Mapper XML. The XML location is 'file [C:\IdeaProjects\Project\lendSys\mapper\target\classes\mappers\UsersMapper.xml]'. Cause: org.apache.ibatis.builder.BuilderException: Error resolving class. Cause: org.apache.ibatis.type.TypeException: Could not resolve type alias 'users'.  Cause: java.lang.ClassNotFoundException: Cannot find class: users
	at org.springframework.beans.factory.support.AbstractAutowireCapableBeanFactory.autowireByType(AbstractAutowireCapableBeanFactory.java:1534)
	at org.springframework.beans.factory.support.AbstractAutowireCapableBeanFactory.populateBean(AbstractAutowireCapableBeanFactory.java:1417)
	at org.springframework.beans.factory.support.AbstractAutowireCapableBeanFactory.doCreateBean(AbstractAutowireCapableBeanFactory.java:619)
	at org.springframework.beans.factory.support.AbstractAutowireCapableBeanFactory.createBean(AbstractAutowireCapableBeanFactory.java:542)
	at org.springframework.beans.factory.support.AbstractBeanFactory.lambda$doGetBean$0(AbstractBeanFactory.java:335)
	at org.springframework.beans.factory.support.DefaultSingletonBeanRegistry.getSingleton(DefaultSingletonBeanRegistry.java:234)
	at org.springframework.beans.factory.support.AbstractBeanFactory.doGetBean(AbstractBeanFactory.java:333)
	at org.springframework.beans.factory.support.AbstractBeanFactory.getBean(AbstractBeanFactory.java:208)
	at org.springframework.beans.factory.config.DependencyDescriptor.resolveCandidate(DependencyDescriptor.java:276)
	at org.springframework.beans.factory.support.DefaultListableBeanFactory.doResolveDependency(DefaultListableBeanFactory.java:1380)
	at org.springframework.beans.factory.support.DefaultListableBeanFactory.resolveDependency(DefaultListableBeanFactory.java:1300)
	at org.springframework.beans.factory.annotation.AutowiredAnnotationBeanPostProcessor$AutowiredFieldElement.resolveFieldValue(AutowiredAnnotationBeanPostProcessor.java:657)
	... 36 common frames omitted
Caused by: org.springframework.beans.factory.BeanCreationException: Error creating bean with name 'sqlSessionFactory' defined in class path resource [com/baomidou/mybatisplus/autoconfigure/MybatisPlusAutoConfiguration.class]: Bean instantiation via factory method failed; nested exception is org.springframework.beans.BeanInstantiationException: Failed to instantiate [org.apache.ibatis.session.SqlSessionFactory]: Factory method 'sqlSessionFactory' threw exception; nested exception is org.springframework.core.NestedIOException: Failed to parse mapping resource: 'file [C:\IdeaProjects\Project\lendSys\mapper\target\classes\mappers\UsersMapper.xml]'; nested exception is org.apache.ibatis.builder.BuilderException: Error parsing Mapper XML. The XML location is 'file [C:\IdeaProjects\Project\lendSys\mapper\target\classes\mappers\UsersMapper.xml]'. Cause: org.apache.ibatis.builder.BuilderException: Error resolving class. Cause: org.apache.ibatis.type.TypeException: Could not resolve type alias 'users'.  Cause: java.lang.ClassNotFoundException: Cannot find class: users
	at org.springframework.beans.factory.support.ConstructorResolver.instantiate(ConstructorResolver.java:658)
	at org.springframework.beans.factory.support.ConstructorResolver.instantiateUsingFactoryMethod(ConstructorResolver.java:638)
	at org.springframework.beans.factory.support.AbstractAutowireCapableBeanFactory.instantiateUsingFactoryMethod(AbstractAutowireCapableBeanFactory.java:1352)
	at org.springframework.beans.factory.support.AbstractAutowireCapableBeanFactory.createBeanInstance(AbstractAutowireCapableBeanFactory.java:1195)
	at org.springframework.beans.factory.support.AbstractAutowireCapableBeanFactory.doCreateBean(AbstractAutowireCapableBeanFactory.java:582)
	at org.springframework.beans.factory.support.AbstractAutowireCapableBeanFactory.createBean(AbstractAutowireCapableBeanFactory.java:542)
	at org.springframework.beans.factory.support.AbstractBeanFactory.lambda$doGetBean$0(AbstractBeanFactory.java:335)
	at org.springframework.beans.factory.support.DefaultSingletonBeanRegistry.getSingleton(DefaultSingletonBeanRegistry.java:234)
	at org.springframework.beans.factory.support.AbstractBeanFactory.doGetBean(AbstractBeanFactory.java:333)
	at org.springframework.beans.factory.support.AbstractBeanFactory.getBean(AbstractBeanFactory.java:208)
	at org.springframework.beans.factory.config.DependencyDescriptor.resolveCandidate(DependencyDescriptor.java:276)
	at org.springframework.beans.factory.support.DefaultListableBeanFactory.doResolveDependency(DefaultListableBeanFactory.java:1380)
	at org.springframework.beans.factory.support.DefaultListableBeanFactory.resolveDependency(DefaultListableBeanFactory.java:1300)
	at org.springframework.beans.factory.support.AbstractAutowireCapableBeanFactory.autowireByType(AbstractAutowireCapableBeanFactory.java:1519)
	... 47 common frames omitted
Caused by: org.springframework.beans.BeanInstantiationException: Failed to instantiate [org.apache.ibatis.session.SqlSessionFactory]: Factory method 'sqlSessionFactory' threw exception; nested exception is org.springframework.core.NestedIOException: Failed to parse mapping resource: 'file [C:\IdeaProjects\Project\lendSys\mapper\target\classes\mappers\UsersMapper.xml]'; nested exception is org.apache.ibatis.builder.BuilderException: Error parsing Mapper XML. The XML location is 'file [C:\IdeaProjects\Project\lendSys\mapper\target\classes\mappers\UsersMapper.xml]'. Cause: org.apache.ibatis.builder.BuilderException: Error resolving class. Cause: org.apache.ibatis.type.TypeException: Could not resolve type alias 'users'.  Cause: java.lang.ClassNotFoundException: Cannot find class: users
	at org.springframework.beans.factory.support.SimpleInstantiationStrategy.instantiate(SimpleInstantiationStrategy.java:185)
	at org.springframework.beans.factory.support.ConstructorResolver.instantiate(ConstructorResolver.java:653)
	... 60 common frames omitted
Caused by: org.springframework.core.NestedIOException: Failed to parse mapping resource: 'file [C:\IdeaProjects\Project\lendSys\mapper\target\classes\mappers\UsersMapper.xml]'; nested exception is org.apache.ibatis.builder.BuilderException: Error parsing Mapper XML. The XML location is 'file [C:\IdeaProjects\Project\lendSys\mapper\target\classes\mappers\UsersMapper.xml]'. Cause: org.apache.ibatis.builder.BuilderException: Error resolving class. Cause: org.apache.ibatis.type.TypeException: Could not resolve type alias 'users'.  Cause: java.lang.ClassNotFoundException: Cannot find class: users
	at com.baomidou.mybatisplus.extension.spring.MybatisSqlSessionFactoryBean.buildSqlSessionFactory(MybatisSqlSessionFactoryBean.java:630)
	at com.baomidou.mybatisplus.extension.spring.MybatisSqlSessionFactoryBean.afterPropertiesSet(MybatisSqlSessionFactoryBean.java:386)
	at com.baomidou.mybatisplus.extension.spring.MybatisSqlSessionFactoryBean.getObject(MybatisSqlSessionFactoryBean.java:683)
	at com.baomidou.mybatisplus.autoconfigure.MybatisPlusAutoConfiguration.sqlSessionFactory(MybatisPlusAutoConfiguration.java:165)
	at com.baomidou.mybatisplus.autoconfigure.MybatisPlusAutoConfiguration$$EnhancerBySpringCGLIB$$6e7a9b92.CGLIB$sqlSessionFactory$1(<generated>)
	at com.baomidou.mybatisplus.autoconfigure.MybatisPlusAutoConfiguration$$EnhancerBySpringCGLIB$$6e7a9b92$$FastClassBySpringCGLIB$$84fbb51f.invoke(<generated>)
	at org.springframework.cglib.proxy.MethodProxy.invokeSuper(MethodProxy.java:244)
	at org.springframework.context.annotation.ConfigurationClassEnhancer$BeanMethodInterceptor.intercept(ConfigurationClassEnhancer.java:331)
	at com.baomidou.mybatisplus.autoconfigure.MybatisPlusAutoConfiguration$$EnhancerBySpringCGLIB$$6e7a9b92.sqlSessionFactory(<generated>)
	at java.base/jdk.internal.reflect.NativeMethodAccessorImpl.invoke0(Native Method)
	at java.base/jdk.internal.reflect.NativeMethodAccessorImpl.invoke(NativeMethodAccessorImpl.java:64)
	at java.base/jdk.internal.reflect.DelegatingMethodAccessorImpl.invoke(DelegatingMethodAccessorImpl.java:43)
	at java.base/java.lang.reflect.Method.invoke(Method.java:564)
	at org.springframework.beans.factory.support.SimpleInstantiationStrategy.instantiate(SimpleInstantiationStrategy.java:154)
	... 61 common frames omitted
Caused by: org.apache.ibatis.builder.BuilderException: Error parsing Mapper XML. The XML location is 'file [C:\IdeaProjects\Project\lendSys\mapper\target\classes\mappers\UsersMapper.xml]'. Cause: org.apache.ibatis.builder.BuilderException: Error resolving class. Cause: org.apache.ibatis.type.TypeException: Could not resolve type alias 'users'.  Cause: java.lang.ClassNotFoundException: Cannot find class: users
	at org.apache.ibatis.builder.xml.XMLMapperBuilder.configurationElement(XMLMapperBuilder.java:122)
	at org.apache.ibatis.builder.xml.XMLMapperBuilder.parse(XMLMapperBuilder.java:94)
	at com.baomidou.mybatisplus.extension.spring.MybatisSqlSessionFactoryBean.buildSqlSessionFactory(MybatisSqlSessionFactoryBean.java:628)
	... 74 common frames omitted
Caused by: org.apache.ibatis.builder.BuilderException: Error resolving class. Cause: org.apache.ibatis.type.TypeException: Could not resolve type alias 'users'.  Cause: java.lang.ClassNotFoundException: Cannot find class: users
	at org.apache.ibatis.builder.BaseBuilder.resolveClass(BaseBuilder.java:118)
	at org.apache.ibatis.builder.xml.XMLStatementBuilder.parseStatementNode(XMLStatementBuilder.java:102)
	at org.apache.ibatis.builder.xml.XMLMapperBuilder.buildStatementFromContext(XMLMapperBuilder.java:137)
	at org.apache.ibatis.builder.xml.XMLMapperBuilder.buildStatementFromContext(XMLMapperBuilder.java:130)
	at org.apache.ibatis.builder.xml.XMLMapperBuilder.configurationElement(XMLMapperBuilder.java:120)
	... 76 common frames omitted
Caused by: org.apache.ibatis.type.TypeException: Could not resolve type alias 'users'.  Cause: java.lang.ClassNotFoundException: Cannot find class: users
	at org.apache.ibatis.type.TypeAliasRegistry.resolveAlias(TypeAliasRegistry.java:120)
	at org.apache.ibatis.builder.BaseBuilder.resolveAlias(BaseBuilder.java:149)
	at org.apache.ibatis.builder.BaseBuilder.resolveClass(BaseBuilder.java:116)
	... 80 common frames omitted
Caused by: java.lang.ClassNotFoundException: Cannot find class: users
	at org.apache.ibatis.io.ClassLoaderWrapper.classForName(ClassLoaderWrapper.java:200)
	at org.apache.ibatis.io.ClassLoaderWrapper.classForName(ClassLoaderWrapper.java:89)
	at org.apache.ibatis.io.Resources.classForName(Resources.java:261)
	at org.apache.ibatis.type.TypeAliasRegistry.resolveAlias(TypeAliasRegistry.java:116)
	... 82 common frames omitted
2021-11-10 20:44:53.635 [http-nio-9000-exec-1] ERROR com.lendSys.utils.GlobalExceptionHandler - Invalid bound statement (not found): com.lendSys.dao.ProductPictureMapper.selectByCategory
2021-11-10 21:04:21.165 [http-nio-9000-exec-1] ERROR com.lendSys.utils.GlobalExceptionHandler - Invalid bound statement (not found): com.lendSys.dao.ProductPictureMapper.selectCategoryPic
2021-11-10 21:19:26.839 [http-nio-9000-exec-4] ERROR com.lendSys.utils.GlobalExceptionHandler - Invalid bound statement (not found): com.lendSys.dao.ProductPictureMapper.selectCategoryPic
2021-11-10 21:19:51.934 [main] ERROR o.s.b.diagnostics.LoggingFailureAnalysisReporter - 

***************************
APPLICATION FAILED TO START
***************************

Description:

Failed to configure a DataSource: 'url' attribute is not specified and no embedded datasource could be configured.

Reason: Failed to determine a suitable driver class


Action:

Consider the following:
	If you want an embedded database (H2, HSQL or Derby), please put it on the classpath.
	If you have database settings to be loaded from a particular profile you may need to activate it (no profiles are currently active).

2021-11-10 21:21:03.743 [main] ERROR o.s.b.diagnostics.LoggingFailureAnalysisReporter - 

***************************
APPLICATION FAILED TO START
***************************

Description:

Failed to configure a DataSource: 'url' attribute is not specified and no embedded datasource could be configured.

Reason: Failed to determine a suitable driver class


Action:

Consider the following:
	If you want an embedded database (H2, HSQL or Derby), please put it on the classpath.
	If you have database settings to be loaded from a particular profile you may need to activate it (no profiles are currently active).

2021-11-10 21:25:55.779 [http-nio-9000-exec-1] ERROR com.lendSys.utils.GlobalExceptionHandler - Invalid bound statement (not found): com.lendSys.dao.ProductPictureMapper.selectCategoryPic
2021-11-10 21:31:32.386 [http-nio-9000-exec-3] ERROR com.lendSys.utils.GlobalExceptionHandler - Invalid bound statement (not found): com.lendSys.dao.ProductPictureMapper.selectCategoryPic
2021-11-10 21:31:42.916 [http-nio-9000-exec-8] ERROR com.lendSys.utils.GlobalExceptionHandler - Invalid bound statement (not found): com.lendSys.dao.ProductPictureMapper.selectCategoryPic
2021-11-10 21:34:54.628 [http-nio-9000-exec-5] ERROR com.lendSys.utils.GlobalExceptionHandler - class java.util.ArrayList cannot be cast to class com.github.pagehelper.Page (java.util.ArrayList is in module java.base of loader 'bootstrap'; com.github.pagehelper.Page is in unnamed module of loader 'app')
2021-11-10 21:35:22.482 [http-nio-9000-exec-6] ERROR com.lendSys.utils.GlobalExceptionHandler - class java.util.ArrayList cannot be cast to class com.github.pagehelper.Page (java.util.ArrayList is in module java.base of loader 'bootstrap'; com.github.pagehelper.Page is in unnamed module of loader 'app')
