2021-10-30 17:45:58.498 [main] ERROR o.s.b.diagnostics.LoggingFailureAnalysisReporter - 

***************************
APPLICATION FAILED TO START
***************************

Description:

A component required a bean of type 'com.lendSys.service.categoryService' that could not be found.


Action:

Consider defining a bean of type 'com.lendSys.service.categoryService' in your configuration.

2021-10-30 17:48:16.056 [main] ERROR o.s.b.diagnostics.LoggingFailureAnalysisReporter - 

***************************
APPLICATION FAILED TO START
***************************

Description:

A component required a bean of type 'com.lendSys.service.categoryService' that could not be found.


Action:

Consider defining a bean of type 'com.lendSys.service.categoryService' in your configuration.

2021-10-30 18:15:28.514 [main] ERROR o.s.b.diagnostics.LoggingFailureAnalysisReporter - 

***************************
APPLICATION FAILED TO START
***************************

Description:

A component required a bean of type 'com.lendSys.service.categoryService' that could not be found.


Action:

Consider defining a bean of type 'com.lendSys.service.categoryService' in your configuration.

2021-10-30 18:15:45.092 [main] ERROR o.s.b.diagnostics.LoggingFailureAnalysisReporter - 

***************************
APPLICATION FAILED TO START
***************************

Description:

A component required a bean of type 'com.lendSys.service.categoryService' that could not be found.


Action:

Consider defining a bean of type 'com.lendSys.service.categoryService' in your configuration.

2021-10-30 18:16:08.333 [main] ERROR o.s.b.diagnostics.LoggingFailureAnalysisReporter - 

***************************
APPLICATION FAILED TO START
***************************

Description:

A component required a bean of type 'com.lendSys.service.categoryService' that could not be found.


Action:

Consider defining a bean of type 'com.lendSys.service.categoryService' in your configuration.

2021-10-30 18:19:24.096 [main] ERROR o.s.b.diagnostics.LoggingFailureAnalysisReporter - 

***************************
APPLICATION FAILED TO START
***************************

Description:

A component required a bean of type 'com.lendSys.service.categoryService' that could not be found.


Action:

Consider defining a bean of type 'com.lendSys.service.categoryService' in your configuration.

