2021-11-14 13:21:43.620 [http-nio-9000-exec-7] ERROR com.lendSys.utils.GlobalExceptionHandler - nested exception is org.apache.ibatis.reflection.ReflectionException: There is no getter for property named 'username' in 'class java.lang.String'
2021-11-14 13:29:40.888 [http-nio-9000-exec-4] ERROR com.lendSys.utils.GlobalExceptionHandler - nested exception is org.apache.ibatis.reflection.ReflectionException: There is no getter for property named 'username' in 'class java.lang.String'
2021-11-14 13:56:40.019 [http-nio-9000-exec-6] ERROR com.lendSys.utils.GlobalExceptionHandler - Request method 'POST' not supported
2021-11-14 13:57:06.191 [http-nio-9000-exec-8] ERROR com.lendSys.utils.GlobalExceptionHandler - Required request parameter 'username' for method parameter type String is not present
2021-11-14 13:58:25.643 [http-nio-9000-exec-10] ERROR com.lendSys.utils.GlobalExceptionHandler - Required request parameter 'username' for method parameter type String is not present
2021-11-14 13:58:29.540 [http-nio-9000-exec-2] ERROR com.lendSys.utils.GlobalExceptionHandler - Required request parameter 'username' for method parameter type String is not present
2021-11-14 14:05:26.554 [http-nio-9000-exec-1] ERROR com.lendSys.utils.GlobalExceptionHandler - Required request parameter 'username' for method parameter type String is not present
2021-11-14 14:08:42.689 [http-nio-9000-exec-3] ERROR com.lendSys.utils.GlobalExceptionHandler - Required request parameter 'username' for method parameter type String is not present
2021-11-14 14:08:44.648 [http-nio-9000-exec-5] ERROR com.lendSys.utils.GlobalExceptionHandler - Required request parameter 'username' for method parameter type String is not present
2021-11-14 14:09:58.451 [http-nio-9000-exec-7] ERROR com.lendSys.utils.GlobalExceptionHandler - Required request parameter 'username' for method parameter type String is not present
2021-11-14 14:10:01.197 [http-nio-9000-exec-9] ERROR com.lendSys.utils.GlobalExceptionHandler - Required request parameter 'username' for method parameter type String is not present
2021-11-14 14:35:38.646 [http-nio-9000-exec-1] ERROR com.lendSys.utils.GlobalExceptionHandler - 
### Error querying database.  Cause: java.sql.SQLSyntaxErrorException: You have an error in your SQL syntax; check the manual that corresponds to your MySQL server version for the right syntax to use near 'LIMIT 10' at line 15
### The error may exist in file [C:\IdeaProjects\Project\lendSys\mapper\target\classes\mappers\CartMapper.xml]
### The error may involve defaultParameterMap
### The error occurred while setting parameters
### SQL: select cart_id,                productId,                user_id,                cart_num,                cart_time,                product_name         from (select cart_id,                      productId,                      user_id,                      cart_num,                      cart_time               from cart                        inner join users on user_id = userId               where userName = ?) as t                  inner join product on productId = product_id; LIMIT ?
### Cause: java.sql.SQLSyntaxErrorException: You have an error in your SQL syntax; check the manual that corresponds to your MySQL server version for the right syntax to use near 'LIMIT 10' at line 15
; bad SQL grammar []; nested exception is java.sql.SQLSyntaxErrorException: You have an error in your SQL syntax; check the manual that corresponds to your MySQL server version for the right syntax to use near 'LIMIT 10' at line 15
2021-11-14 15:00:55.236 [http-nio-9000-exec-3] ERROR com.lendSys.utils.GlobalExceptionHandler - 
### Error querying database.  Cause: java.sql.SQLSyntaxErrorException: You have an error in your SQL syntax; check the manual that corresponds to your MySQL server version for the right syntax to use near 'LIMIT 10' at line 15
### The error may exist in file [C:\IdeaProjects\Project\lendSys\mapper\target\classes\mappers\CartMapper.xml]
### The error may involve defaultParameterMap
### The error occurred while setting parameters
### SQL: select cart_id,                productId,                user_id,                cart_num,                cart_time,                product_name         from (select cart_id,                      productId,                      user_id,                      cart_num,                      cart_time               from cart                        inner join users on user_id = userId               where userName = ?) as t                  inner join product on productId = product_id; LIMIT ?
### Cause: java.sql.SQLSyntaxErrorException: You have an error in your SQL syntax; check the manual that corresponds to your MySQL server version for the right syntax to use near 'LIMIT 10' at line 15
; bad SQL grammar []; nested exception is java.sql.SQLSyntaxErrorException: You have an error in your SQL syntax; check the manual that corresponds to your MySQL server version for the right syntax to use near 'LIMIT 10' at line 15
2021-11-14 15:02:25.150 [http-nio-9000-exec-1] ERROR com.lendSys.utils.GlobalExceptionHandler - 
### Error querying database.  Cause: java.sql.SQLSyntaxErrorException: You have an error in your SQL syntax; check the manual that corresponds to your MySQL server version for the right syntax to use near 'LIMIT 10' at line 15
### The error may exist in file [C:\IdeaProjects\Project\lendSys\mapper\target\classes\mappers\CartMapper.xml]
### The error may involve defaultParameterMap
### The error occurred while setting parameters
### SQL: select cart_id,                productId,                user_id,                cart_num,                cart_time,                product_name         from (select cart_id,                      productId,                      user_id,                      cart_num,                      cart_time               from cart                        inner join users on user_id = userId               where userName = ?) as t                  inner join product on productId = product_id; LIMIT ?
### Cause: java.sql.SQLSyntaxErrorException: You have an error in your SQL syntax; check the manual that corresponds to your MySQL server version for the right syntax to use near 'LIMIT 10' at line 15
; bad SQL grammar []; nested exception is java.sql.SQLSyntaxErrorException: You have an error in your SQL syntax; check the manual that corresponds to your MySQL server version for the right syntax to use near 'LIMIT 10' at line 15
2021-11-14 15:04:07.846 [http-nio-9000-exec-1] ERROR com.lendSys.utils.GlobalExceptionHandler - 
### Error querying database.  Cause: java.sql.SQLSyntaxErrorException: You have an error in your SQL syntax; check the manual that corresponds to your MySQL server version for the right syntax to use near 'LIMIT 10' at line 15
### The error may exist in file [C:\IdeaProjects\Project\lendSys\mapper\target\classes\mappers\CartMapper.xml]
### The error may involve defaultParameterMap
### The error occurred while setting parameters
### SQL: select cart_id,                productId,                user_id,                cart_num,                cart_time,                product_name         from (select cart_id,                      productId,                      user_id,                      cart_num,                      cart_time               from cart                        inner join users on user_id = userId               where userName = ?) as t                  inner join product on productId = product_id; LIMIT ?
### Cause: java.sql.SQLSyntaxErrorException: You have an error in your SQL syntax; check the manual that corresponds to your MySQL server version for the right syntax to use near 'LIMIT 10' at line 15
; bad SQL grammar []; nested exception is java.sql.SQLSyntaxErrorException: You have an error in your SQL syntax; check the manual that corresponds to your MySQL server version for the right syntax to use near 'LIMIT 10' at line 15
2021-11-14 15:04:34.840 [http-nio-9000-exec-2] ERROR com.lendSys.utils.GlobalExceptionHandler - 
### Error querying database.  Cause: java.sql.SQLSyntaxErrorException: You have an error in your SQL syntax; check the manual that corresponds to your MySQL server version for the right syntax to use near 'LIMIT 10' at line 15
### The error may exist in file [C:\IdeaProjects\Project\lendSys\mapper\target\classes\mappers\CartMapper.xml]
### The error may involve defaultParameterMap
### The error occurred while setting parameters
### SQL: select cart_id,                productId,                user_id,                cart_num,                cart_time,                product_name         from (select cart_id,                      productId,                      user_id,                      cart_num,                      cart_time               from cart                        inner join users on user_id = userId               where userName = ?) as t                  inner join product on productId = product_id; LIMIT ?
### Cause: java.sql.SQLSyntaxErrorException: You have an error in your SQL syntax; check the manual that corresponds to your MySQL server version for the right syntax to use near 'LIMIT 10' at line 15
; bad SQL grammar []; nested exception is java.sql.SQLSyntaxErrorException: You have an error in your SQL syntax; check the manual that corresponds to your MySQL server version for the right syntax to use near 'LIMIT 10' at line 15
2021-11-14 16:02:45.463 [main] ERROR o.s.b.diagnostics.LoggingFailureAnalysisReporter - 

***************************
APPLICATION FAILED TO START
***************************

Description:

A component required a bean of type 'com.lendSys.service.OrderService' that could not be found.


Action:

Consider defining a bean of type 'com.lendSys.service.OrderService' in your configuration.

2021-11-14 16:45:41.769 [http-nio-9000-exec-6] ERROR com.lendSys.utils.GlobalExceptionHandler - Content type 'application/x-www-form-urlencoded;charset=UTF-8' not supported
2021-11-14 16:57:38.029 [http-nio-9000-exec-5] ERROR com.lendSys.utils.GlobalExceptionHandler - I/O error while reading input message; nested exception is java.io.IOException: Stream closed
2021-11-14 20:55:14.400 [http-nio-9000-exec-8] ERROR com.lendSys.utils.GlobalExceptionHandler - I/O error while reading input message; nested exception is java.io.IOException: Stream closed
2021-11-14 20:56:16.932 [http-nio-9000-exec-1] ERROR com.lendSys.utils.GlobalExceptionHandler - I/O error while reading input message; nested exception is java.io.IOException: Stream closed
2021-11-14 21:01:41.482 [http-nio-9000-exec-8] ERROR com.lendSys.utils.GlobalExceptionHandler - Content type 'application/x-www-form-urlencoded;charset=UTF-8' not supported
2021-11-14 21:07:21.751 [http-nio-9000-exec-3] ERROR com.lendSys.utils.GlobalExceptionHandler - Content type 'application/x-www-form-urlencoded;charset=UTF-8' not supported
2021-11-14 21:09:13.018 [http-nio-9000-exec-10] ERROR com.lendSys.utils.GlobalExceptionHandler - JSON parse error: Cannot deserialize value of type `com.lendSys.vo.cartsOrderVo` from Array value (token `JsonToken.START_ARRAY`); nested exception is com.fasterxml.jackson.databind.exc.MismatchedInputException: Cannot deserialize value of type `com.lendSys.vo.cartsOrderVo` from Array value (token `JsonToken.START_ARRAY`)
 at [Source: (PushbackInputStream); line: 1, column: 1]
2021-11-14 21:11:18.625 [http-nio-9000-exec-3] ERROR com.lendSys.utils.GlobalExceptionHandler - JSON parse error: Cannot deserialize value of type `com.lendSys.vo.cartsOrderVo` from Array value (token `JsonToken.START_ARRAY`); nested exception is com.fasterxml.jackson.databind.exc.MismatchedInputException: Cannot deserialize value of type `com.lendSys.vo.cartsOrderVo` from Array value (token `JsonToken.START_ARRAY`)
 at [Source: (PushbackInputStream); line: 1, column: 1]
2021-11-14 21:13:05.928 [http-nio-9000-exec-6] ERROR com.lendSys.utils.GlobalExceptionHandler - JSON parse error: Cannot deserialize value of type `com.lendSys.vo.cartsOrderVo` from Array value (token `JsonToken.START_ARRAY`); nested exception is com.fasterxml.jackson.databind.exc.MismatchedInputException: Cannot deserialize value of type `com.lendSys.vo.cartsOrderVo` from Array value (token `JsonToken.START_ARRAY`)
 at [Source: (PushbackInputStream); line: 1, column: 1]
2021-11-14 21:15:27.243 [http-nio-9000-exec-3] ERROR com.lendSys.utils.GlobalExceptionHandler - JSON parse error: Cannot deserialize value of type `com.lendSys.vo.cartsOrderVo` from Array value (token `JsonToken.START_ARRAY`); nested exception is com.fasterxml.jackson.databind.exc.MismatchedInputException: Cannot deserialize value of type `com.lendSys.vo.cartsOrderVo` from Array value (token `JsonToken.START_ARRAY`)
 at [Source: (PushbackInputStream); line: 1, column: 1]
2021-11-14 21:24:26.248 [http-nio-9000-exec-2] ERROR com.lendSys.utils.GlobalExceptionHandler - JSON parse error: Cannot deserialize value of type `com.lendSys.vo.cartsOrderVo` from Array value (token `JsonToken.START_ARRAY`); nested exception is com.fasterxml.jackson.databind.exc.MismatchedInputException: Cannot deserialize value of type `com.lendSys.vo.cartsOrderVo` from Array value (token `JsonToken.START_ARRAY`)
 at [Source: (PushbackInputStream); line: 1, column: 1]
2021-11-14 21:24:26.249 [http-nio-9000-exec-3] ERROR com.lendSys.utils.GlobalExceptionHandler - JSON parse error: Cannot deserialize value of type `com.lendSys.vo.cartsOrderVo` from Array value (token `JsonToken.START_ARRAY`); nested exception is com.fasterxml.jackson.databind.exc.MismatchedInputException: Cannot deserialize value of type `com.lendSys.vo.cartsOrderVo` from Array value (token `JsonToken.START_ARRAY`)
 at [Source: (PushbackInputStream); line: 1, column: 1]
2021-11-14 21:25:39.899 [http-nio-9000-exec-1] ERROR com.lendSys.utils.GlobalExceptionHandler - JSON parse error: Cannot deserialize value of type `com.lendSys.vo.cartsOrderVo` from Array value (token `JsonToken.START_ARRAY`); nested exception is com.fasterxml.jackson.databind.exc.MismatchedInputException: Cannot deserialize value of type `com.lendSys.vo.cartsOrderVo` from Array value (token `JsonToken.START_ARRAY`)
 at [Source: (PushbackInputStream); line: 1, column: 1]
2021-11-14 21:25:40.223 [http-nio-9000-exec-4] ERROR com.lendSys.utils.GlobalExceptionHandler - JSON parse error: Cannot deserialize value of type `com.lendSys.vo.cartsOrderVo` from Array value (token `JsonToken.START_ARRAY`); nested exception is com.fasterxml.jackson.databind.exc.MismatchedInputException: Cannot deserialize value of type `com.lendSys.vo.cartsOrderVo` from Array value (token `JsonToken.START_ARRAY`)
 at [Source: (PushbackInputStream); line: 1, column: 1]
2021-11-14 21:25:40.224 [http-nio-9000-exec-2] ERROR com.lendSys.utils.GlobalExceptionHandler - JSON parse error: Cannot deserialize value of type `com.lendSys.vo.cartsOrderVo` from Array value (token `JsonToken.START_ARRAY`); nested exception is com.fasterxml.jackson.databind.exc.MismatchedInputException: Cannot deserialize value of type `com.lendSys.vo.cartsOrderVo` from Array value (token `JsonToken.START_ARRAY`)
 at [Source: (PushbackInputStream); line: 1, column: 1]
2021-11-14 21:25:40.224 [http-nio-9000-exec-7] ERROR com.lendSys.utils.GlobalExceptionHandler - JSON parse error: Cannot deserialize value of type `com.lendSys.vo.cartsOrderVo` from Array value (token `JsonToken.START_ARRAY`); nested exception is com.fasterxml.jackson.databind.exc.MismatchedInputException: Cannot deserialize value of type `com.lendSys.vo.cartsOrderVo` from Array value (token `JsonToken.START_ARRAY`)
 at [Source: (PushbackInputStream); line: 1, column: 1]
2021-11-14 21:25:40.225 [http-nio-9000-exec-3] ERROR com.lendSys.utils.GlobalExceptionHandler - JSON parse error: Cannot deserialize value of type `com.lendSys.vo.cartsOrderVo` from Array value (token `JsonToken.START_ARRAY`); nested exception is com.fasterxml.jackson.databind.exc.MismatchedInputException: Cannot deserialize value of type `com.lendSys.vo.cartsOrderVo` from Array value (token `JsonToken.START_ARRAY`)
 at [Source: (PushbackInputStream); line: 1, column: 1]
2021-11-14 21:25:40.226 [http-nio-9000-exec-10] ERROR com.lendSys.utils.GlobalExceptionHandler - JSON parse error: Cannot deserialize value of type `com.lendSys.vo.cartsOrderVo` from Array value (token `JsonToken.START_ARRAY`); nested exception is com.fasterxml.jackson.databind.exc.MismatchedInputException: Cannot deserialize value of type `com.lendSys.vo.cartsOrderVo` from Array value (token `JsonToken.START_ARRAY`)
 at [Source: (PushbackInputStream); line: 1, column: 1]
2021-11-14 21:26:23.363 [http-nio-9000-exec-5] ERROR com.lendSys.utils.GlobalExceptionHandler - JSON parse error: Cannot deserialize value of type `com.lendSys.vo.cartsOrderVo` from Array value (token `JsonToken.START_ARRAY`); nested exception is com.fasterxml.jackson.databind.exc.MismatchedInputException: Cannot deserialize value of type `com.lendSys.vo.cartsOrderVo` from Array value (token `JsonToken.START_ARRAY`)
 at [Source: (PushbackInputStream); line: 1, column: 1]
2021-11-14 21:26:23.674 [http-nio-9000-exec-1] ERROR com.lendSys.utils.GlobalExceptionHandler - JSON parse error: Cannot deserialize value of type `com.lendSys.vo.cartsOrderVo` from Array value (token `JsonToken.START_ARRAY`); nested exception is com.fasterxml.jackson.databind.exc.MismatchedInputException: Cannot deserialize value of type `com.lendSys.vo.cartsOrderVo` from Array value (token `JsonToken.START_ARRAY`)
 at [Source: (PushbackInputStream); line: 1, column: 1]
2021-11-14 21:26:23.674 [http-nio-9000-exec-7] ERROR com.lendSys.utils.GlobalExceptionHandler - JSON parse error: Cannot deserialize value of type `com.lendSys.vo.cartsOrderVo` from Array value (token `JsonToken.START_ARRAY`); nested exception is com.fasterxml.jackson.databind.exc.MismatchedInputException: Cannot deserialize value of type `com.lendSys.vo.cartsOrderVo` from Array value (token `JsonToken.START_ARRAY`)
 at [Source: (PushbackInputStream); line: 1, column: 1]
2021-11-14 21:26:23.675 [http-nio-9000-exec-4] ERROR com.lendSys.utils.GlobalExceptionHandler - JSON parse error: Cannot deserialize value of type `com.lendSys.vo.cartsOrderVo` from Array value (token `JsonToken.START_ARRAY`); nested exception is com.fasterxml.jackson.databind.exc.MismatchedInputException: Cannot deserialize value of type `com.lendSys.vo.cartsOrderVo` from Array value (token `JsonToken.START_ARRAY`)
 at [Source: (PushbackInputStream); line: 1, column: 1]
2021-11-14 21:26:23.675 [http-nio-9000-exec-2] ERROR com.lendSys.utils.GlobalExceptionHandler - JSON parse error: Cannot deserialize value of type `com.lendSys.vo.cartsOrderVo` from Array value (token `JsonToken.START_ARRAY`); nested exception is com.fasterxml.jackson.databind.exc.MismatchedInputException: Cannot deserialize value of type `com.lendSys.vo.cartsOrderVo` from Array value (token `JsonToken.START_ARRAY`)
 at [Source: (PushbackInputStream); line: 1, column: 1]
2021-11-14 21:26:23.675 [http-nio-9000-exec-8] ERROR com.lendSys.utils.GlobalExceptionHandler - JSON parse error: Cannot deserialize value of type `com.lendSys.vo.cartsOrderVo` from Array value (token `JsonToken.START_ARRAY`); nested exception is com.fasterxml.jackson.databind.exc.MismatchedInputException: Cannot deserialize value of type `com.lendSys.vo.cartsOrderVo` from Array value (token `JsonToken.START_ARRAY`)
 at [Source: (PushbackInputStream); line: 1, column: 1]
2021-11-14 21:28:26.856 [http-nio-9000-exec-6] ERROR com.lendSys.utils.GlobalExceptionHandler - JSON parse error: Cannot deserialize value of type `com.lendSys.vo.cartsOrderVo` from Array value (token `JsonToken.START_ARRAY`); nested exception is com.fasterxml.jackson.databind.exc.MismatchedInputException: Cannot deserialize value of type `com.lendSys.vo.cartsOrderVo` from Array value (token `JsonToken.START_ARRAY`)
 at [Source: (PushbackInputStream); line: 1, column: 1]
2021-11-14 21:28:27.170 [http-nio-9000-exec-9] ERROR com.lendSys.utils.GlobalExceptionHandler - JSON parse error: Cannot deserialize value of type `com.lendSys.vo.cartsOrderVo` from Array value (token `JsonToken.START_ARRAY`); nested exception is com.fasterxml.jackson.databind.exc.MismatchedInputException: Cannot deserialize value of type `com.lendSys.vo.cartsOrderVo` from Array value (token `JsonToken.START_ARRAY`)
 at [Source: (PushbackInputStream); line: 1, column: 1]
2021-11-14 21:42:16.052 [http-nio-9000-exec-4] ERROR com.lendSys.utils.GlobalExceptionHandler - Cannot read the array length because "<local3>" is null
2021-11-14 21:56:38.380 [http-nio-9000-exec-5] ERROR com.lendSys.utils.GlobalExceptionHandler - Cannot read the array length because "<local3>" is null
2021-11-14 21:57:39.461 [http-nio-9000-exec-5] ERROR com.lendSys.utils.GlobalExceptionHandler - JSON parse error: Cannot deserialize value of type `com.lendSys.vo.cartsOrderVo` from Array value (token `JsonToken.START_ARRAY`); nested exception is com.fasterxml.jackson.databind.exc.MismatchedInputException: Cannot deserialize value of type `com.lendSys.vo.cartsOrderVo` from Array value (token `JsonToken.START_ARRAY`)
 at [Source: (PushbackInputStream); line: 1, column: 1]
2021-11-14 21:59:38.597 [http-nio-9000-exec-3] ERROR com.lendSys.utils.GlobalExceptionHandler - Cannot read the array length because "<local3>" is null
2021-11-14 22:05:34.249 [http-nio-9000-exec-3] ERROR com.lendSys.utils.GlobalExceptionHandler - Cannot read the array length because "<local3>" is null
2021-11-14 22:08:41.358 [http-nio-9000-exec-4] ERROR com.lendSys.utils.GlobalExceptionHandler - Cannot read the array length because "<local3>" is null
2021-11-14 22:10:50.418 [http-nio-9000-exec-7] ERROR com.lendSys.utils.GlobalExceptionHandler - Cannot read the array length because "<local3>" is null
2021-11-14 22:20:00.806 [http-nio-9000-exec-8] ERROR com.lendSys.utils.GlobalExceptionHandler - Cannot read the array length because "<local3>" is null
2021-11-14 22:50:52.119 [http-nio-9000-exec-3] ERROR com.lendSys.utils.GlobalExceptionHandler - Cannot invoke "java.util.List.toArray(Object[])" because the return value of "java.util.Map.get(Object)" is null
