2021-10-28 14:57:16.016 [main] INFO  com.lendSys.ApiApplication - Starting ApiApplication using Java 15.0.1 on DESKTOP-C3O5G2V with PID 15020 (C:\IdeaProjects\Project\lendSys\api\target\classes started by Wenting Zhang in C:\IdeaProjects\Project\lendSys)
2021-10-28 14:57:16.016 [main] INFO  com.lendSys.ApiApplication - No active profile set, falling back to default profiles: default
2021-10-28 14:57:17.898 [main] INFO  o.s.boot.web.embedded.tomcat.TomcatWebServer - Tomcat initialized with port(s): 9000 (http)
2021-10-28 14:57:17.913 [main] INFO  org.apache.coyote.http11.Http11NioProtocol - Initializing ProtocolHandler ["http-nio-9000"]
2021-10-28 14:57:17.913 [main] INFO  org.apache.catalina.core.StandardService - Starting service [Tomcat]
2021-10-28 14:57:17.913 [main] INFO  org.apache.catalina.core.StandardEngine - Starting Servlet engine: [Apache Tomcat/9.0.53]
2021-10-28 14:57:18.078 [main] INFO  o.a.c.core.ContainerBase.[Tomcat].[localhost].[/] - Initializing Spring embedded WebApplicationContext
2021-10-28 14:57:18.078 [main] INFO  o.s.b.w.s.c.ServletWebServerApplicationContext - Root WebApplicationContext: initialization completed in 1996 ms
2021-10-28 14:57:18.191 [main] INFO  c.a.d.s.b.a.DruidDataSourceAutoConfigure - Init DruidDataSource
2021-10-28 14:57:18.344 [main] INFO  com.alibaba.druid.pool.DruidDataSource - {dataSource-1} inited
2021-10-28 14:57:19.368 [main] INFO  s.d.s.w.PropertySourcedRequestMappingHandlerMapping - Mapped URL path [/v2/api-docs] onto method [springfox.documentation.swagger2.web.Swagger2Controller#getDocumentation(String, HttpServletRequest)]
2021-10-28 14:57:20.090 [main] INFO  t.mybatis.mapper.autoconfigure.MapperCacheDisabler - Clear tk.mybatis.mapper.util.MsUtil CLASS_CACHE cache.
2021-10-28 14:57:20.090 [main] INFO  t.mybatis.mapper.autoconfigure.MapperCacheDisabler - Clear tk.mybatis.mapper.genid.GenIdUtil CACHE cache.
2021-10-28 14:57:20.090 [main] INFO  t.mybatis.mapper.autoconfigure.MapperCacheDisabler - Clear tk.mybatis.mapper.version.VersionUtil CACHE cache.
2021-10-28 14:57:20.090 [main] INFO  t.mybatis.mapper.autoconfigure.MapperCacheDisabler - Clear EntityHelper entityTableMap cache.
2021-10-28 14:57:20.237 [main] INFO  org.apache.coyote.http11.Http11NioProtocol - Starting ProtocolHandler ["http-nio-9000"]
2021-10-28 14:57:20.252 [main] INFO  o.s.boot.web.embedded.tomcat.TomcatWebServer - Tomcat started on port(s): 9000 (http) with context path ''
2021-10-28 14:57:20.259 [main] INFO  s.d.s.web.plugins.DocumentationPluginsBootstrapper - Context refreshed
2021-10-28 14:57:20.275 [main] INFO  s.d.s.web.plugins.DocumentationPluginsBootstrapper - Found 1 custom documentation plugin(s)
2021-10-28 14:57:20.322 [main] INFO  s.d.spring.web.scanners.ApiListingReferenceScanner - Scanning for api listing references
2021-10-28 14:57:20.538 [main] INFO  com.lendSys.ApiApplication - Started ApiApplication in 5.245 seconds (JVM running for 6.128)
2021-10-28 14:59:22.067 [http-nio-9000-exec-1] INFO  o.a.c.core.ContainerBase.[Tomcat].[localhost].[/] - Initializing Spring DispatcherServlet 'dispatcherServlet'
2021-10-28 14:59:22.068 [http-nio-9000-exec-1] INFO  org.springframework.web.servlet.DispatcherServlet - Initializing Servlet 'dispatcherServlet'
2021-10-28 14:59:22.069 [http-nio-9000-exec-1] INFO  org.springframework.web.servlet.DispatcherServlet - Completed initialization in 1 ms
