2021-11-14 13:21:43.620 [http-nio-9000-exec-7] ERROR com.lendSys.utils.GlobalExceptionHandler - nested exception is org.apache.ibatis.reflection.ReflectionException: There is no getter for property named 'username' in 'class java.lang.String'
2021-11-14 13:29:40.888 [http-nio-9000-exec-4] ERROR com.lendSys.utils.GlobalExceptionHandler - nested exception is org.apache.ibatis.reflection.ReflectionException: There is no getter for property named 'username' in 'class java.lang.String'
2021-11-14 13:56:40.019 [http-nio-9000-exec-6] ERROR com.lendSys.utils.GlobalExceptionHandler - Request method 'POST' not supported
2021-11-14 13:57:06.191 [http-nio-9000-exec-8] ERROR com.lendSys.utils.GlobalExceptionHandler - Required request parameter 'username' for method parameter type String is not present
2021-11-14 13:58:25.643 [http-nio-9000-exec-10] ERROR com.lendSys.utils.GlobalExceptionHandler - Required request parameter 'username' for method parameter type String is not present
2021-11-14 13:58:29.540 [http-nio-9000-exec-2] ERROR com.lendSys.utils.GlobalExceptionHandler - Required request parameter 'username' for method parameter type String is not present
2021-11-14 14:05:26.554 [http-nio-9000-exec-1] ERROR com.lendSys.utils.GlobalExceptionHandler - Required request parameter 'username' for method parameter type String is not present
2021-11-14 14:08:42.689 [http-nio-9000-exec-3] ERROR com.lendSys.utils.GlobalExceptionHandler - Required request parameter 'username' for method parameter type String is not present
2021-11-14 14:08:44.648 [http-nio-9000-exec-5] ERROR com.lendSys.utils.GlobalExceptionHandler - Required request parameter 'username' for method parameter type String is not present
2021-11-14 14:09:58.451 [http-nio-9000-exec-7] ERROR com.lendSys.utils.GlobalExceptionHandler - Required request parameter 'username' for method parameter type String is not present
2021-11-14 14:10:01.197 [http-nio-9000-exec-9] ERROR com.lendSys.utils.GlobalExceptionHandler - Required request parameter 'username' for method parameter type String is not present
2021-11-14 14:35:38.646 [http-nio-9000-exec-1] ERROR com.lendSys.utils.GlobalExceptionHandler - 
### Error querying database.  Cause: java.sql.SQLSyntaxErrorException: You have an error in your SQL syntax; check the manual that corresponds to your MySQL server version for the right syntax to use near 'LIMIT 10' at line 15
### The error may exist in file [C:\IdeaProjects\Project\lendSys\mapper\target\classes\mappers\CartMapper.xml]
### The error may involve defaultParameterMap
### The error occurred while setting parameters
### SQL: select cart_id,                productId,                user_id,                cart_num,                cart_time,                product_name         from (select cart_id,                      productId,                      user_id,                      cart_num,                      cart_time               from cart                        inner join users on user_id = userId               where userName = ?) as t                  inner join product on productId = product_id; LIMIT ?
### Cause: java.sql.SQLSyntaxErrorException: You have an error in your SQL syntax; check the manual that corresponds to your MySQL server version for the right syntax to use near 'LIMIT 10' at line 15
; bad SQL grammar []; nested exception is java.sql.SQLSyntaxErrorException: You have an error in your SQL syntax; check the manual that corresponds to your MySQL server version for the right syntax to use near 'LIMIT 10' at line 15
2021-11-14 15:00:55.236 [http-nio-9000-exec-3] ERROR com.lendSys.utils.GlobalExceptionHandler - 
### Error querying database.  Cause: java.sql.SQLSyntaxErrorException: You have an error in your SQL syntax; check the manual that corresponds to your MySQL server version for the right syntax to use near 'LIMIT 10' at line 15
### The error may exist in file [C:\IdeaProjects\Project\lendSys\mapper\target\classes\mappers\CartMapper.xml]
### The error may involve defaultParameterMap
### The error occurred while setting parameters
### SQL: select cart_id,                productId,                user_id,                cart_num,                cart_time,                product_name         from (select cart_id,                      productId,                      user_id,                      cart_num,                      cart_time               from cart                        inner join users on user_id = userId               where userName = ?) as t                  inner join product on productId = product_id; LIMIT ?
### Cause: java.sql.SQLSyntaxErrorException: You have an error in your SQL syntax; check the manual that corresponds to your MySQL server version for the right syntax to use near 'LIMIT 10' at line 15
; bad SQL grammar []; nested exception is java.sql.SQLSyntaxErrorException: You have an error in your SQL syntax; check the manual that corresponds to your MySQL server version for the right syntax to use near 'LIMIT 10' at line 15
2021-11-14 15:02:25.150 [http-nio-9000-exec-1] ERROR com.lendSys.utils.GlobalExceptionHandler - 
### Error querying database.  Cause: java.sql.SQLSyntaxErrorException: You have an error in your SQL syntax; check the manual that corresponds to your MySQL server version for the right syntax to use near 'LIMIT 10' at line 15
### The error may exist in file [C:\IdeaProjects\Project\lendSys\mapper\target\classes\mappers\CartMapper.xml]
### The error may involve defaultParameterMap
### The error occurred while setting parameters
### SQL: select cart_id,                productId,                user_id,                cart_num,                cart_time,                product_name         from (select cart_id,                      productId,                      user_id,                      cart_num,                      cart_time               from cart                        inner join users on user_id = userId               where userName = ?) as t                  inner join product on productId = product_id; LIMIT ?
### Cause: java.sql.SQLSyntaxErrorException: You have an error in your SQL syntax; check the manual that corresponds to your MySQL server version for the right syntax to use near 'LIMIT 10' at line 15
; bad SQL grammar []; nested exception is java.sql.SQLSyntaxErrorException: You have an error in your SQL syntax; check the manual that corresponds to your MySQL server version for the right syntax to use near 'LIMIT 10' at line 15
2021-11-14 15:04:07.846 [http-nio-9000-exec-1] ERROR com.lendSys.utils.GlobalExceptionHandler - 
### Error querying database.  Cause: java.sql.SQLSyntaxErrorException: You have an error in your SQL syntax; check the manual that corresponds to your MySQL server version for the right syntax to use near 'LIMIT 10' at line 15
### The error may exist in file [C:\IdeaProjects\Project\lendSys\mapper\target\classes\mappers\CartMapper.xml]
### The error may involve defaultParameterMap
### The error occurred while setting parameters
### SQL: select cart_id,                productId,                user_id,                cart_num,                cart_time,                product_name         from (select cart_id,                      productId,                      user_id,                      cart_num,                      cart_time               from cart                        inner join users on user_id = userId               where userName = ?) as t                  inner join product on productId = product_id; LIMIT ?
### Cause: java.sql.SQLSyntaxErrorException: You have an error in your SQL syntax; check the manual that corresponds to your MySQL server version for the right syntax to use near 'LIMIT 10' at line 15
; bad SQL grammar []; nested exception is java.sql.SQLSyntaxErrorException: You have an error in your SQL syntax; check the manual that corresponds to your MySQL server version for the right syntax to use near 'LIMIT 10' at line 15
2021-11-14 15:04:34.840 [http-nio-9000-exec-2] ERROR com.lendSys.utils.GlobalExceptionHandler - 
### Error querying database.  Cause: java.sql.SQLSyntaxErrorException: You have an error in your SQL syntax; check the manual that corresponds to your MySQL server version for the right syntax to use near 'LIMIT 10' at line 15
### The error may exist in file [C:\IdeaProjects\Project\lendSys\mapper\target\classes\mappers\CartMapper.xml]
### The error may involve defaultParameterMap
### The error occurred while setting parameters
### SQL: select cart_id,                productId,                user_id,                cart_num,                cart_time,                product_name         from (select cart_id,                      productId,                      user_id,                      cart_num,                      cart_time               from cart                        inner join users on user_id = userId               where userName = ?) as t                  inner join product on productId = product_id; LIMIT ?
### Cause: java.sql.SQLSyntaxErrorException: You have an error in your SQL syntax; check the manual that corresponds to your MySQL server version for the right syntax to use near 'LIMIT 10' at line 15
; bad SQL grammar []; nested exception is java.sql.SQLSyntaxErrorException: You have an error in your SQL syntax; check the manual that corresponds to your MySQL server version for the right syntax to use near 'LIMIT 10' at line 15
